{"C:\\Users\\mroff\\Desktop\\repositories\\software_testing\\src\\add.js": {"path":"C:\\Users\\mroff\\Desktop\\repositories\\software_testing\\src\\add.js","statementMap":{"0":{"start":{"line":16,"column":12},"end":{"line":16,"column":71}},"1":{"start":{"line":16,"column":52},"end":{"line":16,"column":67}}},"fnMap":{"0":{"name":"(anonymous_0)","decl":{"start":{"line":16,"column":32},"end":{"line":16,"column":33}},"loc":{"start":{"line":16,"column":52},"end":{"line":16,"column":67}},"line":16}},"branchMap":{},"s":{"0":3,"1":7},"f":{"0":7},"b":{},"_coverageSchema":"1a1c01bbd47fc00a2c39e90264f33305004495a9","hash":"7791a7b039de4dc0c6640c763f67eac383446c00"}
,"C:\\Users\\mroff\\Desktop\\repositories\\software_testing\\src\\at.js": {"path":"C:\\Users\\mroff\\Desktop\\repositories\\software_testing\\src\\at.js","statementMap":{"0":{"start":{"line":19,"column":11},"end":{"line":19,"column":70}},"1":{"start":{"line":19,"column":33},"end":{"line":19,"column":70}}},"fnMap":{"0":{"name":"(anonymous_0)","decl":{"start":{"line":19,"column":11},"end":{"line":19,"column":12}},"loc":{"start":{"line":19,"column":33},"end":{"line":19,"column":70}},"line":19}},"branchMap":{},"s":{"0":2,"1":6},"f":{"0":6},"b":{},"_coverageSchema":"1a1c01bbd47fc00a2c39e90264f33305004495a9","hash":"0e11cea969daae1dc30abdd59fd161d8b589eadb"}
,"C:\\Users\\mroff\\Desktop\\repositories\\software_testing\\src\\ceil.js": {"path":"C:\\Users\\mroff\\Desktop\\repositories\\software_testing\\src\\ceil.js","statementMap":{"0":{"start":{"line":22,"column":13},"end":{"line":22,"column":32}}},"fnMap":{},"branchMap":{},"s":{"0":2},"f":{},"b":{},"_coverageSchema":"1a1c01bbd47fc00a2c39e90264f33305004495a9","hash":"17b29befc849f4efa8ab27cbfb4fd958ae5743ef"}
,"C:\\Users\\mroff\\Desktop\\repositories\\software_testing\\src\\divide.js": {"path":"C:\\Users\\mroff\\Desktop\\repositories\\software_testing\\src\\divide.js","statementMap":{"0":{"start":{"line":16,"column":15},"end":{"line":16,"column":79}},"1":{"start":{"line":16,"column":58},"end":{"line":16,"column":75}}},"fnMap":{"0":{"name":"(anonymous_0)","decl":{"start":{"line":16,"column":35},"end":{"line":16,"column":36}},"loc":{"start":{"line":16,"column":58},"end":{"line":16,"column":75}},"line":16}},"branchMap":{},"s":{"0":2,"1":7},"f":{"0":7},"b":{},"_coverageSchema":"1a1c01bbd47fc00a2c39e90264f33305004495a9","hash":"ed7bda1d6f3a30e00e620282451b087605e39a76"}
,"C:\\Users\\mroff\\Desktop\\repositories\\software_testing\\src\\endsWith.js": {"path":"C:\\Users\\mroff\\Desktop\\repositories\\software_testing\\src\\endsWith.js","statementMap":{"0":{"start":{"line":24,"column":21},"end":{"line":24,"column":27}},"1":{"start":{"line":25,"column":2},"end":{"line":25,"column":56}},"2":{"start":{"line":26,"column":2},"end":{"line":31,"column":3}},"3":{"start":{"line":27,"column":4},"end":{"line":27,"column":16}},"4":{"start":{"line":29,"column":7},"end":{"line":31,"column":3}},"5":{"start":{"line":30,"column":4},"end":{"line":30,"column":21}},"6":{"start":{"line":32,"column":14},"end":{"line":32,"column":22}},"7":{"start":{"line":33,"column":2},"end":{"line":33,"column":27}},"8":{"start":{"line":34,"column":2},"end":{"line":34,"column":63}}},"fnMap":{"0":{"name":"endsWith","decl":{"start":{"line":23,"column":9},"end":{"line":23,"column":17}},"loc":{"start":{"line":23,"column":44},"end":{"line":35,"column":1}},"line":23}},"branchMap":{"0":{"loc":{"start":{"line":25,"column":13},"end":{"line":25,"column":56}},"type":"cond-expr","locations":[{"start":{"line":25,"column":38},"end":{"line":25,"column":44}},{"start":{"line":25,"column":47},"end":{"line":25,"column":56}}],"line":25},"1":{"loc":{"start":{"line":26,"column":2},"end":{"line":31,"column":3}},"type":"if","locations":[{"start":{"line":26,"column":2},"end":{"line":31,"column":3}},{"start":{"line":26,"column":2},"end":{"line":31,"column":3}}],"line":26},"2":{"loc":{"start":{"line":26,"column":6},"end":{"line":26,"column":42}},"type":"binary-expr","locations":[{"start":{"line":26,"column":6},"end":{"line":26,"column":18}},{"start":{"line":26,"column":22},"end":{"line":26,"column":42}}],"line":26},"3":{"loc":{"start":{"line":29,"column":7},"end":{"line":31,"column":3}},"type":"if","locations":[{"start":{"line":29,"column":7},"end":{"line":31,"column":3}},{"start":{"line":29,"column":7},"end":{"line":31,"column":3}}],"line":29},"4":{"loc":{"start":{"line":34,"column":9},"end":{"line":34,"column":63}},"type":"binary-expr","locations":[{"start":{"line":34,"column":9},"end":{"line":34,"column":22}},{"start":{"line":34,"column":26},"end":{"line":34,"column":63}}],"line":34}},"s":{"0":13,"1":13,"2":13,"3":3,"4":10,"5":3,"6":13,"7":13,"8":13},"f":{"0":13},"b":{"0":[6,7],"1":[3,10],"2":[13,10],"3":[3,7],"4":[13,11]},"_coverageSchema":"1a1c01bbd47fc00a2c39e90264f33305004495a9","hash":"9aa1b6c7be4e4ef5e501908603df205936e46305"}
,"C:\\Users\\mroff\\Desktop\\repositories\\software_testing\\src\\filter.js": {"path":"C:\\Users\\mroff\\Desktop\\repositories\\software_testing\\src\\filter.js","statementMap":{"0":{"start":{"line":25,"column":14},"end":{"line":25,"column":16}},"1":{"start":{"line":26,"column":17},"end":{"line":26,"column":18}},"2":{"start":{"line":27,"column":17},"end":{"line":27,"column":49}},"3":{"start":{"line":28,"column":17},"end":{"line":28,"column":21}},"4":{"start":{"line":30,"column":2},"end":{"line":35,"column":3}},"5":{"start":{"line":31,"column":18},"end":{"line":31,"column":30}},"6":{"start":{"line":32,"column":4},"end":{"line":34,"column":5}},"7":{"start":{"line":33,"column":6},"end":{"line":33,"column":32}},"8":{"start":{"line":36,"column":2},"end":{"line":36,"column":15}}},"fnMap":{"0":{"name":"filter","decl":{"start":{"line":24,"column":9},"end":{"line":24,"column":15}},"loc":{"start":{"line":24,"column":34},"end":{"line":37,"column":1}},"line":24}},"branchMap":{"0":{"loc":{"start":{"line":27,"column":17},"end":{"line":27,"column":49}},"type":"cond-expr","locations":[{"start":{"line":27,"column":33},"end":{"line":27,"column":34}},{"start":{"line":27,"column":37},"end":{"line":27,"column":49}}],"line":27},"1":{"loc":{"start":{"line":32,"column":4},"end":{"line":34,"column":5}},"type":"if","locations":[{"start":{"line":32,"column":4},"end":{"line":34,"column":5}},{"start":{"line":32,"column":4},"end":{"line":34,"column":5}}],"line":32}},"s":{"0":6,"1":6,"2":6,"3":6,"4":6,"5":12,"6":12,"7":6,"8":6},"f":{"0":6},"b":{"0":[1,5],"1":[6,6]},"_coverageSchema":"1a1c01bbd47fc00a2c39e90264f33305004495a9","hash":"e8266443681776403cdd98278eb161f5abf0c452"}
,"C:\\Users\\mroff\\Desktop\\repositories\\software_testing\\src\\get.js": {"path":"C:\\Users\\mroff\\Desktop\\repositories\\software_testing\\src\\get.js","statementMap":{"0":{"start":{"line":28,"column":17},"end":{"line":28,"column":67}},"1":{"start":{"line":29,"column":2},"end":{"line":29,"column":53}}},"fnMap":{"0":{"name":"get","decl":{"start":{"line":27,"column":9},"end":{"line":27,"column":12}},"loc":{"start":{"line":27,"column":41},"end":{"line":30,"column":1}},"line":27}},"branchMap":{"0":{"loc":{"start":{"line":28,"column":17},"end":{"line":28,"column":67}},"type":"cond-expr","locations":[{"start":{"line":28,"column":34},"end":{"line":28,"column":43}},{"start":{"line":28,"column":46},"end":{"line":28,"column":67}}],"line":28},"1":{"loc":{"start":{"line":29,"column":9},"end":{"line":29,"column":53}},"type":"cond-expr","locations":[{"start":{"line":29,"column":32},"end":{"line":29,"column":44}},{"start":{"line":29,"column":47},"end":{"line":29,"column":53}}],"line":29}},"s":{"0":8,"1":8},"f":{"0":8},"b":{"0":[0,8],"1":[3,5]},"_coverageSchema":"1a1c01bbd47fc00a2c39e90264f33305004495a9","hash":"9c57cf9ff7d8e168eb7100f052cb9af164ddacb9"}
,"C:\\Users\\mroff\\Desktop\\repositories\\software_testing\\src\\isArguments.js": {"path":"C:\\Users\\mroff\\Desktop\\repositories\\software_testing\\src\\isArguments.js","statementMap":{"0":{"start":{"line":20,"column":2},"end":{"line":20,"column":69}}},"fnMap":{"0":{"name":"isArguments","decl":{"start":{"line":19,"column":9},"end":{"line":19,"column":20}},"loc":{"start":{"line":19,"column":28},"end":{"line":21,"column":1}},"line":19}},"branchMap":{"0":{"loc":{"start":{"line":20,"column":9},"end":{"line":20,"column":69}},"type":"binary-expr","locations":[{"start":{"line":20,"column":9},"end":{"line":20,"column":28}},{"start":{"line":20,"column":32},"end":{"line":20,"column":69}}],"line":20}},"s":{"0":1},"f":{"0":1},"b":{"0":[1,1]},"_coverageSchema":"1a1c01bbd47fc00a2c39e90264f33305004495a9","hash":"b75353ac21d5f93740a095f1780d4ce10ffdb168"}
,"C:\\Users\\mroff\\Desktop\\repositories\\software_testing\\src\\isArrayLike.js": {"path":"C:\\Users\\mroff\\Desktop\\repositories\\software_testing\\src\\isArrayLike.js","statementMap":{"0":{"start":{"line":27,"column":2},"end":{"line":27,"column":79}}},"fnMap":{"0":{"name":"isArrayLike","decl":{"start":{"line":26,"column":9},"end":{"line":26,"column":20}},"loc":{"start":{"line":26,"column":28},"end":{"line":28,"column":1}},"line":26}},"branchMap":{"0":{"loc":{"start":{"line":27,"column":9},"end":{"line":27,"column":79}},"type":"binary-expr","locations":[{"start":{"line":27,"column":9},"end":{"line":27,"column":22}},{"start":{"line":27,"column":26},"end":{"line":27,"column":53}},{"start":{"line":27,"column":57},"end":{"line":27,"column":79}}],"line":27}},"s":{"0":13},"f":{"0":13},"b":{"0":[13,13,13]},"_coverageSchema":"1a1c01bbd47fc00a2c39e90264f33305004495a9","hash":"f59aeffeda4326908a0456731ffe8e111f1f8c75"}
,"C:\\Users\\mroff\\Desktop\\repositories\\software_testing\\src\\isBuffer.js": {"path":"C:\\Users\\mroff\\Desktop\\repositories\\software_testing\\src\\isBuffer.js","statementMap":{"0":{"start":{"line":4,"column":20},"end":{"line":4,"column":99}},"1":{"start":{"line":7,"column":19},"end":{"line":7,"column":109}},"2":{"start":{"line":10,"column":22},"end":{"line":10,"column":70}},"3":{"start":{"line":13,"column":15},"end":{"line":13,"column":54}},"4":{"start":{"line":16,"column":23},"end":{"line":16,"column":59}},"5":{"start":{"line":33,"column":17},"end":{"line":33,"column":48}},"6":{"start":{"line":33,"column":42},"end":{"line":33,"column":47}}},"fnMap":{"0":{"name":"(anonymous_0)","decl":{"start":{"line":33,"column":36},"end":{"line":33,"column":37}},"loc":{"start":{"line":33,"column":42},"end":{"line":33,"column":47}},"line":33}},"branchMap":{"0":{"loc":{"start":{"line":4,"column":20},"end":{"line":4,"column":99}},"type":"binary-expr","locations":[{"start":{"line":4,"column":20},"end":{"line":4,"column":47}},{"start":{"line":4,"column":51},"end":{"line":4,"column":67}},{"start":{"line":4,"column":71},"end":{"line":4,"column":88}},{"start":{"line":4,"column":92},"end":{"line":4,"column":99}}],"line":4},"1":{"loc":{"start":{"line":7,"column":19},"end":{"line":7,"column":109}},"type":"binary-expr","locations":[{"start":{"line":7,"column":19},"end":{"line":7,"column":30}},{"start":{"line":7,"column":34},"end":{"line":7,"column":60}},{"start":{"line":7,"column":64},"end":{"line":7,"column":79}},{"start":{"line":7,"column":83},"end":{"line":7,"column":99}},{"start":{"line":7,"column":103},"end":{"line":7,"column":109}}],"line":7},"2":{"loc":{"start":{"line":10,"column":22},"end":{"line":10,"column":70}},"type":"binary-expr","locations":[{"start":{"line":10,"column":22},"end":{"line":10,"column":32}},{"start":{"line":10,"column":36},"end":{"line":10,"column":70}}],"line":10},"3":{"loc":{"start":{"line":13,"column":15},"end":{"line":13,"column":54}},"type":"cond-expr","locations":[{"start":{"line":13,"column":31},"end":{"line":13,"column":42}},{"start":{"line":13,"column":45},"end":{"line":13,"column":54}}],"line":13},"4":{"loc":{"start":{"line":16,"column":23},"end":{"line":16,"column":59}},"type":"cond-expr","locations":[{"start":{"line":16,"column":32},"end":{"line":16,"column":47}},{"start":{"line":16,"column":50},"end":{"line":16,"column":59}}],"line":16},"5":{"loc":{"start":{"line":33,"column":17},"end":{"line":33,"column":48}},"type":"binary-expr","locations":[{"start":{"line":33,"column":17},"end":{"line":33,"column":31}},{"start":{"line":33,"column":36},"end":{"line":33,"column":47}}],"line":33}},"s":{"0":4,"1":4,"2":4,"3":4,"4":4,"5":4,"6":0},"f":{"0":0},"b":{"0":[4,4,4,4],"1":[4,4,4,4,4],"2":[4,4],"3":[4,0],"4":[4,0],"5":[4,0]},"_coverageSchema":"1a1c01bbd47fc00a2c39e90264f33305004495a9","hash":"06921705626cd275ef53f483d5138fceb49f2e5e"}
,"C:\\Users\\mroff\\Desktop\\repositories\\software_testing\\src\\isEmpty.js": {"path":"C:\\Users\\mroff\\Desktop\\repositories\\software_testing\\src\\isEmpty.js","statementMap":{"0":{"start":{"line":9,"column":23},"end":{"line":9,"column":54}},"1":{"start":{"line":46,"column":2},"end":{"line":48,"column":3}},"2":{"start":{"line":47,"column":4},"end":{"line":47,"column":15}},"3":{"start":{"line":49,"column":2},"end":{"line":53,"column":3}},"4":{"start":{"line":52,"column":4},"end":{"line":52,"column":24}},"5":{"start":{"line":54,"column":14},"end":{"line":54,"column":27}},"6":{"start":{"line":55,"column":2},"end":{"line":57,"column":3}},"7":{"start":{"line":56,"column":4},"end":{"line":56,"column":22}},"8":{"start":{"line":58,"column":2},"end":{"line":60,"column":3}},"9":{"start":{"line":59,"column":4},"end":{"line":59,"column":37}},"10":{"start":{"line":61,"column":2},"end":{"line":65,"column":3}},"11":{"start":{"line":62,"column":4},"end":{"line":64,"column":5}},"12":{"start":{"line":63,"column":6},"end":{"line":63,"column":18}},"13":{"start":{"line":66,"column":2},"end":{"line":66,"column":13}}},"fnMap":{"0":{"name":"isEmpty","decl":{"start":{"line":45,"column":9},"end":{"line":45,"column":16}},"loc":{"start":{"line":45,"column":24},"end":{"line":67,"column":1}},"line":45}},"branchMap":{"0":{"loc":{"start":{"line":46,"column":2},"end":{"line":48,"column":3}},"type":"if","locations":[{"start":{"line":46,"column":2},"end":{"line":48,"column":3}},{"start":{"line":46,"column":2},"end":{"line":48,"column":3}}],"line":46},"1":{"loc":{"start":{"line":49,"column":2},"end":{"line":53,"column":3}},"type":"if","locations":[{"start":{"line":49,"column":2},"end":{"line":53,"column":3}},{"start":{"line":49,"column":2},"end":{"line":53,"column":3}}],"line":49},"2":{"loc":{"start":{"line":49,"column":6},"end":{"line":51,"column":69}},"type":"binary-expr","locations":[{"start":{"line":49,"column":6},"end":{"line":49,"column":24}},{"start":{"line":50,"column":7},"end":{"line":50,"column":27}},{"start":{"line":50,"column":31},"end":{"line":50,"column":56}},{"start":{"line":50,"column":60},"end":{"line":50,"column":94}},{"start":{"line":51,"column":8},"end":{"line":51,"column":23}},{"start":{"line":51,"column":27},"end":{"line":51,"column":46}},{"start":{"line":51,"column":50},"end":{"line":51,"column":68}}],"line":49},"3":{"loc":{"start":{"line":55,"column":2},"end":{"line":57,"column":3}},"type":"if","locations":[{"start":{"line":55,"column":2},"end":{"line":57,"column":3}},{"start":{"line":55,"column":2},"end":{"line":57,"column":3}}],"line":55},"4":{"loc":{"start":{"line":55,"column":6},"end":{"line":55,"column":52}},"type":"binary-expr","locations":[{"start":{"line":55,"column":6},"end":{"line":55,"column":27}},{"start":{"line":55,"column":31},"end":{"line":55,"column":52}}],"line":55},"5":{"loc":{"start":{"line":58,"column":2},"end":{"line":60,"column":3}},"type":"if","locations":[{"start":{"line":58,"column":2},"end":{"line":60,"column":3}},{"start":{"line":58,"column":2},"end":{"line":60,"column":3}}],"line":58},"6":{"loc":{"start":{"line":62,"column":4},"end":{"line":64,"column":5}},"type":"if","locations":[{"start":{"line":62,"column":4},"end":{"line":64,"column":5}},{"start":{"line":62,"column":4},"end":{"line":64,"column":5}}],"line":62}},"s":{"0":3,"1":14,"2":1,"3":13,"4":7,"5":6,"6":6,"7":2,"8":4,"9":1,"10":3,"11":1,"12":1,"13":2},"f":{"0":14},"b":{"0":[1,13],"1":[7,6],"2":[13,7,5,3,3,2,1],"3":[2,4],"4":[6,5],"5":[1,3],"6":[1,0]},"_coverageSchema":"1a1c01bbd47fc00a2c39e90264f33305004495a9","hash":"51aebc40d29a9d5c320443158c8f52467e6f12d0"}
,"C:\\Users\\mroff\\Desktop\\repositories\\software_testing\\src\\isLength.js": {"path":"C:\\Users\\mroff\\Desktop\\repositories\\software_testing\\src\\isLength.js","statementMap":{"0":{"start":{"line":2,"column":25},"end":{"line":2,"column":41}},"1":{"start":{"line":29,"column":2},"end":{"line":30,"column":61}}},"fnMap":{"0":{"name":"isLength","decl":{"start":{"line":28,"column":9},"end":{"line":28,"column":17}},"loc":{"start":{"line":28,"column":25},"end":{"line":31,"column":1}},"line":28}},"branchMap":{"0":{"loc":{"start":{"line":29,"column":9},"end":{"line":30,"column":61}},"type":"binary-expr","locations":[{"start":{"line":29,"column":9},"end":{"line":29,"column":34}},{"start":{"line":30,"column":4},"end":{"line":30,"column":14}},{"start":{"line":30,"column":18},"end":{"line":30,"column":32}},{"start":{"line":30,"column":36},"end":{"line":30,"column":61}}],"line":29}},"s":{"0":4,"1":13},"f":{"0":13},"b":{"0":[13,7,7,7]},"_coverageSchema":"1a1c01bbd47fc00a2c39e90264f33305004495a9","hash":"0bfa182ec3b60431d5083eb74e43772c8006ce32"}
,"C:\\Users\\mroff\\Desktop\\repositories\\software_testing\\src\\isObjectLike.js": {"path":"C:\\Users\\mroff\\Desktop\\repositories\\software_testing\\src\\isObjectLike.js","statementMap":{"0":{"start":{"line":24,"column":2},"end":{"line":24,"column":52}}},"fnMap":{"0":{"name":"isObjectLike","decl":{"start":{"line":23,"column":9},"end":{"line":23,"column":21}},"loc":{"start":{"line":23,"column":29},"end":{"line":25,"column":1}},"line":23}},"branchMap":{"0":{"loc":{"start":{"line":24,"column":9},"end":{"line":24,"column":52}},"type":"binary-expr","locations":[{"start":{"line":24,"column":9},"end":{"line":24,"column":34}},{"start":{"line":24,"column":38},"end":{"line":24,"column":52}}],"line":24}},"s":{"0":1},"f":{"0":1},"b":{"0":[1,1]},"_coverageSchema":"1a1c01bbd47fc00a2c39e90264f33305004495a9","hash":"e1a063dff0dab5f596a4a9dafbc6fcc046a34d3b"}
,"C:\\Users\\mroff\\Desktop\\repositories\\software_testing\\src\\isSymbol.js": {"path":"C:\\Users\\mroff\\Desktop\\repositories\\software_testing\\src\\isSymbol.js","statementMap":{"0":{"start":{"line":19,"column":15},"end":{"line":19,"column":27}},"1":{"start":{"line":20,"column":2},"end":{"line":20,"column":103}}},"fnMap":{"0":{"name":"isSymbol","decl":{"start":{"line":18,"column":9},"end":{"line":18,"column":17}},"loc":{"start":{"line":18,"column":25},"end":{"line":21,"column":1}},"line":18}},"branchMap":{"0":{"loc":{"start":{"line":20,"column":9},"end":{"line":20,"column":103}},"type":"binary-expr","locations":[{"start":{"line":20,"column":9},"end":{"line":20,"column":25}},{"start":{"line":20,"column":30},"end":{"line":20,"column":47}},{"start":{"line":20,"column":51},"end":{"line":20,"column":64}},{"start":{"line":20,"column":68},"end":{"line":20,"column":102}}],"line":20}},"s":{"0":8,"1":8},"f":{"0":8},"b":{"0":[8,8,0,0]},"_coverageSchema":"1a1c01bbd47fc00a2c39e90264f33305004495a9","hash":"d62cf0b2e2e159697aea398ce4aa0fccda9cf939"}
,"C:\\Users\\mroff\\Desktop\\repositories\\software_testing\\src\\isTypedArray.js": {"path":"C:\\Users\\mroff\\Desktop\\repositories\\software_testing\\src\\isTypedArray.js","statementMap":{"0":{"start":{"line":6,"column":19},"end":{"line":6,"column":94}},"1":{"start":{"line":9,"column":25},"end":{"line":9,"column":60}},"2":{"start":{"line":26,"column":21},"end":{"line":28,"column":68}},"3":{"start":{"line":27,"column":15},"end":{"line":27,"column":38}},"4":{"start":{"line":28,"column":15},"end":{"line":28,"column":68}}},"fnMap":{"0":{"name":"(anonymous_0)","decl":{"start":{"line":27,"column":4},"end":{"line":27,"column":5}},"loc":{"start":{"line":27,"column":15},"end":{"line":27,"column":38}},"line":27},"1":{"name":"(anonymous_1)","decl":{"start":{"line":28,"column":4},"end":{"line":28,"column":5}},"loc":{"start":{"line":28,"column":15},"end":{"line":28,"column":68}},"line":28}},"branchMap":{"0":{"loc":{"start":{"line":9,"column":25},"end":{"line":9,"column":60}},"type":"binary-expr","locations":[{"start":{"line":9,"column":25},"end":{"line":9,"column":34}},{"start":{"line":9,"column":38},"end":{"line":9,"column":60}}],"line":9},"1":{"loc":{"start":{"line":26,"column":21},"end":{"line":28,"column":68}},"type":"cond-expr","locations":[{"start":{"line":27,"column":4},"end":{"line":27,"column":38}},{"start":{"line":28,"column":4},"end":{"line":28,"column":68}}],"line":26},"2":{"loc":{"start":{"line":28,"column":15},"end":{"line":28,"column":68}},"type":"binary-expr","locations":[{"start":{"line":28,"column":15},"end":{"line":28,"column":34}},{"start":{"line":28,"column":38},"end":{"line":28,"column":68}}],"line":28}},"s":{"0":4,"1":4,"2":4,"3":2,"4":0},"f":{"0":2,"1":0},"b":{"0":[4,4],"1":[4,0],"2":[0,0]},"_coverageSchema":"1a1c01bbd47fc00a2c39e90264f33305004495a9","hash":"96696680110e9efd1f358a102122333766504d39"}
,"C:\\Users\\mroff\\Desktop\\repositories\\software_testing\\src\\keys.js": {"path":"C:\\Users\\mroff\\Desktop\\repositories\\software_testing\\src\\keys.js","statementMap":{"0":{"start":{"line":32,"column":2},"end":{"line":34,"column":33}}},"fnMap":{"0":{"name":"keys","decl":{"start":{"line":31,"column":9},"end":{"line":31,"column":13}},"loc":{"start":{"line":31,"column":22},"end":{"line":35,"column":1}},"line":31}},"branchMap":{"0":{"loc":{"start":{"line":32,"column":9},"end":{"line":34,"column":33}},"type":"cond-expr","locations":[{"start":{"line":33,"column":6},"end":{"line":33,"column":27}},{"start":{"line":34,"column":6},"end":{"line":34,"column":33}}],"line":32}},"s":{"0":0},"f":{"0":0},"b":{"0":[0,0]},"_coverageSchema":"1a1c01bbd47fc00a2c39e90264f33305004495a9","hash":"f857a9600299fdf12bc8acb70ca8bf6ee38fc282"}
,"C:\\Users\\mroff\\Desktop\\repositories\\software_testing\\src\\map.js": {"path":"C:\\Users\\mroff\\Desktop\\repositories\\software_testing\\src\\map.js","statementMap":{"0":{"start":{"line":20,"column":14},"end":{"line":20,"column":16}},"1":{"start":{"line":21,"column":17},"end":{"line":21,"column":49}},"2":{"start":{"line":22,"column":17},"end":{"line":22,"column":34}},"3":{"start":{"line":24,"column":2},"end":{"line":26,"column":3}},"4":{"start":{"line":25,"column":4},"end":{"line":25,"column":56}},"5":{"start":{"line":27,"column":2},"end":{"line":27,"column":15}}},"fnMap":{"0":{"name":"map","decl":{"start":{"line":19,"column":9},"end":{"line":19,"column":12}},"loc":{"start":{"line":19,"column":30},"end":{"line":28,"column":1}},"line":19}},"branchMap":{"0":{"loc":{"start":{"line":21,"column":17},"end":{"line":21,"column":49}},"type":"cond-expr","locations":[{"start":{"line":21,"column":33},"end":{"line":21,"column":34}},{"start":{"line":21,"column":37},"end":{"line":21,"column":49}}],"line":21}},"s":{"0":1,"1":1,"2":1,"3":1,"4":3,"5":1},"f":{"0":1},"b":{"0":[0,1]},"_coverageSchema":"1a1c01bbd47fc00a2c39e90264f33305004495a9","hash":"884f2a4be2368993f770f9415f755127ba9c8db7"}
,"C:\\Users\\mroff\\Desktop\\repositories\\software_testing\\src\\memoize.js": {"path":"C:\\Users\\mroff\\Desktop\\repositories\\software_testing\\src\\memoize.js","statementMap":{"0":{"start":{"line":44,"column":2},"end":{"line":46,"column":3}},"1":{"start":{"line":45,"column":4},"end":{"line":45,"column":46}},"2":{"start":{"line":47,"column":19},"end":{"line":57,"column":3}},"3":{"start":{"line":48,"column":16},"end":{"line":48,"column":63}},"4":{"start":{"line":49,"column":18},"end":{"line":49,"column":32}},"5":{"start":{"line":51,"column":4},"end":{"line":53,"column":5}},"6":{"start":{"line":52,"column":6},"end":{"line":52,"column":27}},"7":{"start":{"line":54,"column":19},"end":{"line":54,"column":41}},"8":{"start":{"line":55,"column":4},"end":{"line":55,"column":52}},"9":{"start":{"line":56,"column":4},"end":{"line":56,"column":17}},"10":{"start":{"line":58,"column":2},"end":{"line":58,"column":45}},"11":{"start":{"line":59,"column":2},"end":{"line":59,"column":17}},"12":{"start":{"line":62,"column":0},"end":{"line":62,"column":19}}},"fnMap":{"0":{"name":"memoize","decl":{"start":{"line":43,"column":9},"end":{"line":43,"column":16}},"loc":{"start":{"line":43,"column":33},"end":{"line":60,"column":1}},"line":43},"1":{"name":"(anonymous_1)","decl":{"start":{"line":47,"column":19},"end":{"line":47,"column":20}},"loc":{"start":{"line":47,"column":37},"end":{"line":57,"column":3}},"line":47}},"branchMap":{"0":{"loc":{"start":{"line":44,"column":2},"end":{"line":46,"column":3}},"type":"if","locations":[{"start":{"line":44,"column":2},"end":{"line":46,"column":3}},{"start":{"line":44,"column":2},"end":{"line":46,"column":3}}],"line":44},"1":{"loc":{"start":{"line":44,"column":6},"end":{"line":44,"column":88}},"type":"binary-expr","locations":[{"start":{"line":44,"column":6},"end":{"line":44,"column":32}},{"start":{"line":44,"column":37},"end":{"line":44,"column":53}},{"start":{"line":44,"column":57},"end":{"line":44,"column":87}}],"line":44},"2":{"loc":{"start":{"line":48,"column":16},"end":{"line":48,"column":63}},"type":"cond-expr","locations":[{"start":{"line":48,"column":27},"end":{"line":48,"column":53}},{"start":{"line":48,"column":56},"end":{"line":48,"column":63}}],"line":48},"3":{"loc":{"start":{"line":51,"column":4},"end":{"line":53,"column":5}},"type":"if","locations":[{"start":{"line":51,"column":4},"end":{"line":53,"column":5}},{"start":{"line":51,"column":4},"end":{"line":53,"column":5}}],"line":51},"4":{"loc":{"start":{"line":55,"column":21},"end":{"line":55,"column":52}},"type":"binary-expr","locations":[{"start":{"line":55,"column":21},"end":{"line":55,"column":43}},{"start":{"line":55,"column":47},"end":{"line":55,"column":52}}],"line":55},"5":{"loc":{"start":{"line":58,"column":24},"end":{"line":58,"column":44}},"type":"binary-expr","locations":[{"start":{"line":58,"column":24},"end":{"line":58,"column":37}},{"start":{"line":58,"column":41},"end":{"line":58,"column":44}}],"line":58}},"s":{"0":2,"1":0,"2":2,"3":5,"4":5,"5":5,"6":0,"7":5,"8":5,"9":5,"10":2,"11":2,"12":2},"f":{"0":2,"1":5},"b":{"0":[0,2],"1":[2,2,2],"2":[5,0],"3":[0,5],"4":[5,0],"5":[2,0]},"_coverageSchema":"1a1c01bbd47fc00a2c39e90264f33305004495a9","hash":"28c20518221ff7b3899c4410dc5cbb5391619b34"}
,"C:\\Users\\mroff\\Desktop\\repositories\\software_testing\\src\\reduce.js": {"path":"C:\\Users\\mroff\\Desktop\\repositories\\software_testing\\src\\reduce.js","statementMap":{"0":{"start":{"line":39,"column":15},"end":{"line":39,"column":67}},"1":{"start":{"line":40,"column":20},"end":{"line":40,"column":40}},"2":{"start":{"line":41,"column":2},"end":{"line":41,"column":69}}},"fnMap":{"0":{"name":"reduce","decl":{"start":{"line":38,"column":9},"end":{"line":38,"column":15}},"loc":{"start":{"line":38,"column":51},"end":{"line":42,"column":1}},"line":38}},"branchMap":{"0":{"loc":{"start":{"line":39,"column":15},"end":{"line":39,"column":67}},"type":"cond-expr","locations":[{"start":{"line":39,"column":43},"end":{"line":39,"column":54}},{"start":{"line":39,"column":57},"end":{"line":39,"column":67}}],"line":39}},"s":{"0":3,"1":3,"2":3},"f":{"0":3},"b":{"0":[3,0]},"_coverageSchema":"1a1c01bbd47fc00a2c39e90264f33305004495a9","hash":"98621e74cd3bc1776460ce6f01691803de14c9f7"}
,"C:\\Users\\mroff\\Desktop\\repositories\\software_testing\\src\\slice.js": {"path":"C:\\Users\\mroff\\Desktop\\repositories\\software_testing\\src\\slice.js","statementMap":{"0":{"start":{"line":22,"column":15},"end":{"line":22,"column":47}},"1":{"start":{"line":23,"column":2},"end":{"line":25,"column":3}},"2":{"start":{"line":24,"column":4},"end":{"line":24,"column":13}},"3":{"start":{"line":26,"column":2},"end":{"line":26,"column":35}},"4":{"start":{"line":27,"column":2},"end":{"line":27,"column":40}},"5":{"start":{"line":29,"column":2},"end":{"line":31,"column":3}},"6":{"start":{"line":30,"column":4},"end":{"line":30,"column":50}},"7":{"start":{"line":32,"column":2},"end":{"line":34,"column":3}},"8":{"start":{"line":33,"column":4},"end":{"line":33,"column":17}},"9":{"start":{"line":35,"column":2},"end":{"line":35,"column":50}},"10":{"start":{"line":36,"column":2},"end":{"line":36,"column":14}},"11":{"start":{"line":38,"column":14},"end":{"line":38,"column":16}},"12":{"start":{"line":39,"column":17},"end":{"line":39,"column":34}},"13":{"start":{"line":40,"column":2},"end":{"line":42,"column":3}},"14":{"start":{"line":41,"column":4},"end":{"line":41,"column":40}},"15":{"start":{"line":43,"column":2},"end":{"line":43,"column":15}}},"fnMap":{"0":{"name":"slice","decl":{"start":{"line":21,"column":9},"end":{"line":21,"column":14}},"loc":{"start":{"line":21,"column":34},"end":{"line":44,"column":1}},"line":21}},"branchMap":{"0":{"loc":{"start":{"line":22,"column":15},"end":{"line":22,"column":47}},"type":"cond-expr","locations":[{"start":{"line":22,"column":31},"end":{"line":22,"column":32}},{"start":{"line":22,"column":35},"end":{"line":22,"column":47}}],"line":22},"1":{"loc":{"start":{"line":23,"column":2},"end":{"line":25,"column":3}},"type":"if","locations":[{"start":{"line":23,"column":2},"end":{"line":25,"column":3}},{"start":{"line":23,"column":2},"end":{"line":25,"column":3}}],"line":23},"2":{"loc":{"start":{"line":26,"column":10},"end":{"line":26,"column":35}},"type":"cond-expr","locations":[{"start":{"line":26,"column":26},"end":{"line":26,"column":27}},{"start":{"line":26,"column":30},"end":{"line":26,"column":35}}],"line":26},"3":{"loc":{"start":{"line":27,"column":8},"end":{"line":27,"column":40}},"type":"cond-expr","locations":[{"start":{"line":27,"column":28},"end":{"line":27,"column":34}},{"start":{"line":27,"column":37},"end":{"line":27,"column":40}}],"line":27},"4":{"loc":{"start":{"line":29,"column":2},"end":{"line":31,"column":3}},"type":"if","locations":[{"start":{"line":29,"column":2},"end":{"line":31,"column":3}},{"start":{"line":29,"column":2},"end":{"line":31,"column":3}}],"line":29},"5":{"loc":{"start":{"line":30,"column":12},"end":{"line":30,"column":50}},"type":"cond-expr","locations":[{"start":{"line":30,"column":30},"end":{"line":30,"column":31}},{"start":{"line":30,"column":35},"end":{"line":30,"column":49}}],"line":30},"6":{"loc":{"start":{"line":32,"column":2},"end":{"line":34,"column":3}},"type":"if","locations":[{"start":{"line":32,"column":2},"end":{"line":34,"column":3}},{"start":{"line":32,"column":2},"end":{"line":34,"column":3}}],"line":32},"7":{"loc":{"start":{"line":35,"column":11},"end":{"line":35,"column":50}},"type":"cond-expr","locations":[{"start":{"line":35,"column":25},"end":{"line":35,"column":26}},{"start":{"line":35,"column":30},"end":{"line":35,"column":49}}],"line":35}},"s":{"0":7,"1":7,"2":1,"3":6,"4":6,"5":6,"6":2,"7":6,"8":3,"9":6,"10":6,"11":6,"12":6,"13":6,"14":11,"15":6},"f":{"0":7},"b":{"0":[0,7],"1":[1,6],"2":[0,6],"3":[1,5],"4":[2,4],"5":[0,2],"6":[3,3],"7":[2,4]},"_coverageSchema":"1a1c01bbd47fc00a2c39e90264f33305004495a9","hash":"18c38acce7cf06df6b826f35280bfc96f84690fb"}
,"C:\\Users\\mroff\\Desktop\\repositories\\software_testing\\src\\upperFirst.js": {"path":"C:\\Users\\mroff\\Desktop\\repositories\\software_testing\\src\\upperFirst.js","statementMap":{"0":{"start":{"line":19,"column":19},"end":{"line":19,"column":49}}},"fnMap":{},"branchMap":{},"s":{"0":2},"f":{},"b":{},"_coverageSchema":"1a1c01bbd47fc00a2c39e90264f33305004495a9","hash":"e88885db4d907b8324f356230af6c5ae0ee3f35f"}
,"C:\\Users\\mroff\\Desktop\\repositories\\software_testing\\src\\.internal\\arrayLikeKeys.js": {"path":"C:\\Users\\mroff\\Desktop\\repositories\\software_testing\\src\\.internal\\arrayLikeKeys.js","statementMap":{"0":{"start":{"line":7,"column":23},"end":{"line":7,"column":54}},"1":{"start":{"line":18,"column":16},"end":{"line":18,"column":36}},"2":{"start":{"line":19,"column":16},"end":{"line":19,"column":44}},"3":{"start":{"line":20,"column":17},"end":{"line":20,"column":52}},"4":{"start":{"line":21,"column":17},"end":{"line":21,"column":67}},"5":{"start":{"line":22,"column":22},"end":{"line":22,"column":56}},"6":{"start":{"line":23,"column":17},"end":{"line":23,"column":29}},"7":{"start":{"line":24,"column":17},"end":{"line":24,"column":52}},"8":{"start":{"line":25,"column":14},"end":{"line":25,"column":39}},"9":{"start":{"line":26,"column":2},"end":{"line":28,"column":3}},"10":{"start":{"line":27,"column":4},"end":{"line":27,"column":30}},"11":{"start":{"line":29,"column":2},"end":{"line":39,"column":3}},"12":{"start":{"line":30,"column":4},"end":{"line":38,"column":5}},"13":{"start":{"line":37,"column":6},"end":{"line":37,"column":22}},"14":{"start":{"line":40,"column":2},"end":{"line":40,"column":15}}},"fnMap":{"0":{"name":"arrayLikeKeys","decl":{"start":{"line":17,"column":9},"end":{"line":17,"column":22}},"loc":{"start":{"line":17,"column":41},"end":{"line":41,"column":1}},"line":17}},"branchMap":{"0":{"loc":{"start":{"line":19,"column":16},"end":{"line":19,"column":44}},"type":"binary-expr","locations":[{"start":{"line":19,"column":16},"end":{"line":19,"column":22}},{"start":{"line":19,"column":26},"end":{"line":19,"column":44}}],"line":19},"1":{"loc":{"start":{"line":20,"column":17},"end":{"line":20,"column":52}},"type":"binary-expr","locations":[{"start":{"line":20,"column":17},"end":{"line":20,"column":23}},{"start":{"line":20,"column":27},"end":{"line":20,"column":33}},{"start":{"line":20,"column":37},"end":{"line":20,"column":52}}],"line":20},"2":{"loc":{"start":{"line":21,"column":17},"end":{"line":21,"column":67}},"type":"binary-expr","locations":[{"start":{"line":21,"column":17},"end":{"line":21,"column":23}},{"start":{"line":21,"column":27},"end":{"line":21,"column":33}},{"start":{"line":21,"column":37},"end":{"line":21,"column":44}},{"start":{"line":21,"column":48},"end":{"line":21,"column":67}}],"line":21},"3":{"loc":{"start":{"line":22,"column":22},"end":{"line":22,"column":56}},"type":"binary-expr","locations":[{"start":{"line":22,"column":22},"end":{"line":22,"column":27}},{"start":{"line":22,"column":31},"end":{"line":22,"column":36}},{"start":{"line":22,"column":40},"end":{"line":22,"column":46}},{"start":{"line":22,"column":50},"end":{"line":22,"column":56}}],"line":22},"4":{"loc":{"start":{"line":24,"column":27},"end":{"line":24,"column":51}},"type":"cond-expr","locations":[{"start":{"line":24,"column":41},"end":{"line":24,"column":47}},{"start":{"line":24,"column":50},"end":{"line":24,"column":51}}],"line":24},"5":{"loc":{"start":{"line":25,"column":14},"end":{"line":25,"column":39}},"type":"cond-expr","locations":[{"start":{"line":25,"column":28},"end":{"line":25,"column":30}},{"start":{"line":25,"column":33},"end":{"line":25,"column":39}}],"line":25},"6":{"loc":{"start":{"line":30,"column":4},"end":{"line":38,"column":5}},"type":"if","locations":[{"start":{"line":30,"column":4},"end":{"line":38,"column":5}},{"start":{"line":30,"column":4},"end":{"line":38,"column":5}}],"line":30},"7":{"loc":{"start":{"line":30,"column":8},"end":{"line":36,"column":10}},"type":"binary-expr","locations":[{"start":{"line":30,"column":9},"end":{"line":30,"column":18}},{"start":{"line":30,"column":22},"end":{"line":30,"column":53}},{"start":{"line":31,"column":8},"end":{"line":36,"column":10}}],"line":30},"8":{"loc":{"start":{"line":31,"column":10},"end":{"line":36,"column":9}},"type":"binary-expr","locations":[{"start":{"line":31,"column":10},"end":{"line":31,"column":21}},{"start":{"line":33,"column":11},"end":{"line":33,"column":27}},{"start":{"line":35,"column":11},"end":{"line":35,"column":31}}],"line":31}},"s":{"0":2,"1":0,"2":0,"3":0,"4":0,"5":0,"6":0,"7":0,"8":0,"9":0,"10":0,"11":0,"12":0,"13":0,"14":0},"f":{"0":0},"b":{"0":[0,0],"1":[0,0,0],"2":[0,0,0,0],"3":[0,0,0,0],"4":[0,0],"5":[0,0],"6":[0,0],"7":[0,0,0],"8":[0,0,0]},"_coverageSchema":"1a1c01bbd47fc00a2c39e90264f33305004495a9","hash":"0103a06ec2757e5dc90f8135435b1c70e01c1bd1"}
,"C:\\Users\\mroff\\Desktop\\repositories\\software_testing\\src\\.internal\\arrayReduce.js": {"path":"C:\\Users\\mroff\\Desktop\\repositories\\software_testing\\src\\.internal\\arrayReduce.js","statementMap":{"0":{"start":{"line":13,"column":14},"end":{"line":13,"column":16}},"1":{"start":{"line":14,"column":17},"end":{"line":14,"column":49}},"2":{"start":{"line":16,"column":2},"end":{"line":18,"column":3}},"3":{"start":{"line":17,"column":4},"end":{"line":17,"column":32}},"4":{"start":{"line":19,"column":2},"end":{"line":21,"column":3}},"5":{"start":{"line":20,"column":4},"end":{"line":20,"column":67}},"6":{"start":{"line":22,"column":2},"end":{"line":22,"column":20}}},"fnMap":{"0":{"name":"arrayReduce","decl":{"start":{"line":12,"column":9},"end":{"line":12,"column":20}},"loc":{"start":{"line":12,"column":62},"end":{"line":23,"column":1}},"line":12}},"branchMap":{"0":{"loc":{"start":{"line":14,"column":17},"end":{"line":14,"column":49}},"type":"cond-expr","locations":[{"start":{"line":14,"column":33},"end":{"line":14,"column":34}},{"start":{"line":14,"column":37},"end":{"line":14,"column":49}}],"line":14},"1":{"loc":{"start":{"line":16,"column":2},"end":{"line":18,"column":3}},"type":"if","locations":[{"start":{"line":16,"column":2},"end":{"line":18,"column":3}},{"start":{"line":16,"column":2},"end":{"line":18,"column":3}}],"line":16},"2":{"loc":{"start":{"line":16,"column":6},"end":{"line":16,"column":25}},"type":"binary-expr","locations":[{"start":{"line":16,"column":6},"end":{"line":16,"column":15}},{"start":{"line":16,"column":19},"end":{"line":16,"column":25}}],"line":16}},"s":{"0":3,"1":3,"2":3,"3":0,"4":3,"5":9,"6":3},"f":{"0":3},"b":{"0":[0,3],"1":[0,3],"2":[3,0]},"_coverageSchema":"1a1c01bbd47fc00a2c39e90264f33305004495a9","hash":"63c0a92d9cdb58cc47cb8c5571c1ad7edd8b6edf"}
,"C:\\Users\\mroff\\Desktop\\repositories\\software_testing\\src\\.internal\\asciiToArray.js": {"path":"C:\\Users\\mroff\\Desktop\\repositories\\software_testing\\src\\.internal\\asciiToArray.js","statementMap":{"0":{"start":{"line":9,"column":2},"end":{"line":9,"column":25}}},"fnMap":{"0":{"name":"asciiToArray","decl":{"start":{"line":8,"column":9},"end":{"line":8,"column":21}},"loc":{"start":{"line":8,"column":30},"end":{"line":10,"column":1}},"line":8}},"branchMap":{},"s":{"0":0},"f":{"0":0},"b":{},"_coverageSchema":"1a1c01bbd47fc00a2c39e90264f33305004495a9","hash":"2c9bf6845ad6c384ff71bc8d7f72cf1865d0c990"}
,"C:\\Users\\mroff\\Desktop\\repositories\\software_testing\\src\\.internal\\baseAt.js": {"path":"C:\\Users\\mroff\\Desktop\\repositories\\software_testing\\src\\.internal\\baseAt.js","statementMap":{"0":{"start":{"line":12,"column":14},"end":{"line":12,"column":16}},"1":{"start":{"line":13,"column":17},"end":{"line":13,"column":29}},"2":{"start":{"line":14,"column":17},"end":{"line":14,"column":34}},"3":{"start":{"line":15,"column":15},"end":{"line":15,"column":29}},"4":{"start":{"line":17,"column":2},"end":{"line":19,"column":3}},"5":{"start":{"line":18,"column":4},"end":{"line":18,"column":64}},"6":{"start":{"line":20,"column":2},"end":{"line":20,"column":15}}},"fnMap":{"0":{"name":"baseAt","decl":{"start":{"line":11,"column":9},"end":{"line":11,"column":15}},"loc":{"start":{"line":11,"column":31},"end":{"line":21,"column":1}},"line":11}},"branchMap":{"0":{"loc":{"start":{"line":18,"column":20},"end":{"line":18,"column":64}},"type":"cond-expr","locations":[{"start":{"line":18,"column":27},"end":{"line":18,"column":36}},{"start":{"line":18,"column":39},"end":{"line":18,"column":64}}],"line":18}},"s":{"0":6,"1":6,"2":6,"3":6,"4":6,"5":8,"6":6},"f":{"0":6},"b":{"0":[0,8]},"_coverageSchema":"1a1c01bbd47fc00a2c39e90264f33305004495a9","hash":"c8138790dbcb798c9a1e082b87abc994af378cb9"}
,"C:\\Users\\mroff\\Desktop\\repositories\\software_testing\\src\\.internal\\baseEach.js": {"path":"C:\\Users\\mroff\\Desktop\\repositories\\software_testing\\src\\.internal\\baseEach.js","statementMap":{"0":{"start":{"line":13,"column":2},"end":{"line":15,"column":3}},"1":{"start":{"line":14,"column":4},"end":{"line":14,"column":21}},"2":{"start":{"line":16,"column":2},"end":{"line":18,"column":3}},"3":{"start":{"line":17,"column":4},"end":{"line":17,"column":43}},"4":{"start":{"line":19,"column":17},"end":{"line":19,"column":34}},"5":{"start":{"line":20,"column":19},"end":{"line":20,"column":37}},"6":{"start":{"line":21,"column":14},"end":{"line":21,"column":16}},"7":{"start":{"line":23,"column":2},"end":{"line":27,"column":3}},"8":{"start":{"line":24,"column":4},"end":{"line":26,"column":5}},"9":{"start":{"line":25,"column":6},"end":{"line":25,"column":11}},"10":{"start":{"line":28,"column":2},"end":{"line":28,"column":19}}},"fnMap":{"0":{"name":"baseEach","decl":{"start":{"line":12,"column":9},"end":{"line":12,"column":17}},"loc":{"start":{"line":12,"column":40},"end":{"line":29,"column":1}},"line":12}},"branchMap":{"0":{"loc":{"start":{"line":13,"column":2},"end":{"line":15,"column":3}},"type":"if","locations":[{"start":{"line":13,"column":2},"end":{"line":15,"column":3}},{"start":{"line":13,"column":2},"end":{"line":15,"column":3}}],"line":13},"1":{"loc":{"start":{"line":16,"column":2},"end":{"line":18,"column":3}},"type":"if","locations":[{"start":{"line":16,"column":2},"end":{"line":18,"column":3}},{"start":{"line":16,"column":2},"end":{"line":18,"column":3}}],"line":16},"2":{"loc":{"start":{"line":24,"column":4},"end":{"line":26,"column":5}},"type":"if","locations":[{"start":{"line":24,"column":4},"end":{"line":26,"column":5}},{"start":{"line":24,"column":4},"end":{"line":26,"column":5}}],"line":24}},"s":{"0":0,"1":0,"2":0,"3":0,"4":0,"5":0,"6":0,"7":0,"8":0,"9":0,"10":0},"f":{"0":0},"b":{"0":[0,0],"1":[0,0],"2":[0,0]},"_coverageSchema":"1a1c01bbd47fc00a2c39e90264f33305004495a9","hash":"f1fa786851f1531c18b6eeba3d001cdcf6f3736c"}
,"C:\\Users\\mroff\\Desktop\\repositories\\software_testing\\src\\.internal\\baseFlatten.js": {"path":"C:\\Users\\mroff\\Desktop\\repositories\\software_testing\\src\\.internal\\baseFlatten.js","statementMap":{"0":{"start":{"line":15,"column":2},"end":{"line":15,"column":42}},"1":{"start":{"line":16,"column":2},"end":{"line":16,"column":25}},"2":{"start":{"line":18,"column":2},"end":{"line":20,"column":3}},"3":{"start":{"line":19,"column":4},"end":{"line":19,"column":17}},"4":{"start":{"line":22,"column":2},"end":{"line":33,"column":3}},"5":{"start":{"line":23,"column":4},"end":{"line":32,"column":5}},"6":{"start":{"line":24,"column":6},"end":{"line":29,"column":7}},"7":{"start":{"line":26,"column":8},"end":{"line":26,"column":66}},"8":{"start":{"line":28,"column":8},"end":{"line":28,"column":29}},"9":{"start":{"line":30,"column":11},"end":{"line":32,"column":5}},"10":{"start":{"line":31,"column":6},"end":{"line":31,"column":35}},"11":{"start":{"line":34,"column":2},"end":{"line":34,"column":15}}},"fnMap":{"0":{"name":"baseFlatten","decl":{"start":{"line":14,"column":9},"end":{"line":14,"column":20}},"loc":{"start":{"line":14,"column":64},"end":{"line":35,"column":1}},"line":14}},"branchMap":{"0":{"loc":{"start":{"line":15,"column":2},"end":{"line":15,"column":42}},"type":"binary-expr","locations":[{"start":{"line":15,"column":2},"end":{"line":15,"column":11}},{"start":{"line":15,"column":16},"end":{"line":15,"column":41}}],"line":15},"1":{"loc":{"start":{"line":16,"column":2},"end":{"line":16,"column":25}},"type":"binary-expr","locations":[{"start":{"line":16,"column":2},"end":{"line":16,"column":8}},{"start":{"line":16,"column":13},"end":{"line":16,"column":24}}],"line":16},"2":{"loc":{"start":{"line":18,"column":2},"end":{"line":20,"column":3}},"type":"if","locations":[{"start":{"line":18,"column":2},"end":{"line":20,"column":3}},{"start":{"line":18,"column":2},"end":{"line":20,"column":3}}],"line":18},"3":{"loc":{"start":{"line":23,"column":4},"end":{"line":32,"column":5}},"type":"if","locations":[{"start":{"line":23,"column":4},"end":{"line":32,"column":5}},{"start":{"line":23,"column":4},"end":{"line":32,"column":5}}],"line":23},"4":{"loc":{"start":{"line":23,"column":8},"end":{"line":23,"column":37}},"type":"binary-expr","locations":[{"start":{"line":23,"column":8},"end":{"line":23,"column":17}},{"start":{"line":23,"column":21},"end":{"line":23,"column":37}}],"line":23},"5":{"loc":{"start":{"line":24,"column":6},"end":{"line":29,"column":7}},"type":"if","locations":[{"start":{"line":24,"column":6},"end":{"line":29,"column":7}},{"start":{"line":24,"column":6},"end":{"line":29,"column":7}}],"line":24},"6":{"loc":{"start":{"line":30,"column":11},"end":{"line":32,"column":5}},"type":"if","locations":[{"start":{"line":30,"column":11},"end":{"line":32,"column":5}},{"start":{"line":30,"column":11},"end":{"line":32,"column":5}}],"line":30}},"s":{"0":6,"1":6,"2":6,"3":0,"4":6,"5":6,"6":6,"7":0,"8":6,"9":0,"10":0,"11":6},"f":{"0":6},"b":{"0":[6,6],"1":[6,6],"2":[0,6],"3":[6,0],"4":[6,6],"5":[0,6],"6":[0,0]},"_coverageSchema":"1a1c01bbd47fc00a2c39e90264f33305004495a9","hash":"cd74c5ab6701a111b8f00f3ee6654c24697a4534"}
,"C:\\Users\\mroff\\Desktop\\repositories\\software_testing\\src\\.internal\\baseFor.js": {"path":"C:\\Users\\mroff\\Desktop\\repositories\\software_testing\\src\\.internal\\baseFor.js","statementMap":{"0":{"start":{"line":13,"column":19},"end":{"line":13,"column":33}},"1":{"start":{"line":14,"column":16},"end":{"line":14,"column":32}},"2":{"start":{"line":15,"column":19},"end":{"line":15,"column":24}},"3":{"start":{"line":16,"column":14},"end":{"line":16,"column":16}},"4":{"start":{"line":18,"column":2},"end":{"line":23,"column":3}},"5":{"start":{"line":19,"column":16},"end":{"line":19,"column":30}},"6":{"start":{"line":20,"column":4},"end":{"line":22,"column":5}},"7":{"start":{"line":21,"column":6},"end":{"line":21,"column":11}},"8":{"start":{"line":24,"column":2},"end":{"line":24,"column":15}}},"fnMap":{"0":{"name":"baseFor","decl":{"start":{"line":12,"column":9},"end":{"line":12,"column":16}},"loc":{"start":{"line":12,"column":45},"end":{"line":25,"column":1}},"line":12}},"branchMap":{"0":{"loc":{"start":{"line":20,"column":4},"end":{"line":22,"column":5}},"type":"if","locations":[{"start":{"line":20,"column":4},"end":{"line":22,"column":5}},{"start":{"line":20,"column":4},"end":{"line":22,"column":5}}],"line":20}},"s":{"0":0,"1":0,"2":0,"3":0,"4":0,"5":0,"6":0,"7":0,"8":0},"f":{"0":0},"b":{"0":[0,0]},"_coverageSchema":"1a1c01bbd47fc00a2c39e90264f33305004495a9","hash":"fc1f92af09f82505f4751408b7617af0d04ceb3d"}
,"C:\\Users\\mroff\\Desktop\\repositories\\software_testing\\src\\.internal\\baseForOwn.js": {"path":"C:\\Users\\mroff\\Desktop\\repositories\\software_testing\\src\\.internal\\baseForOwn.js","statementMap":{"0":{"start":{"line":13,"column":2},"end":{"line":13,"column":50}}},"fnMap":{"0":{"name":"baseForOwn","decl":{"start":{"line":12,"column":9},"end":{"line":12,"column":19}},"loc":{"start":{"line":12,"column":38},"end":{"line":14,"column":1}},"line":12}},"branchMap":{"0":{"loc":{"start":{"line":13,"column":9},"end":{"line":13,"column":50}},"type":"binary-expr","locations":[{"start":{"line":13,"column":9},"end":{"line":13,"column":15}},{"start":{"line":13,"column":19},"end":{"line":13,"column":50}}],"line":13}},"s":{"0":0},"f":{"0":0},"b":{"0":[0,0]},"_coverageSchema":"1a1c01bbd47fc00a2c39e90264f33305004495a9","hash":"1320cca146ca891bfa4e4919c78ed2fb4246b9a3"}
,"C:\\Users\\mroff\\Desktop\\repositories\\software_testing\\src\\.internal\\baseGet.js": {"path":"C:\\Users\\mroff\\Desktop\\repositories\\software_testing\\src\\.internal\\baseGet.js","statementMap":{"0":{"start":{"line":13,"column":2},"end":{"line":13,"column":31}},"1":{"start":{"line":15,"column":14},"end":{"line":15,"column":15}},"2":{"start":{"line":16,"column":17},"end":{"line":16,"column":28}},"3":{"start":{"line":18,"column":2},"end":{"line":20,"column":3}},"4":{"start":{"line":19,"column":4},"end":{"line":19,"column":41}},"5":{"start":{"line":21,"column":2},"end":{"line":21,"column":56}}},"fnMap":{"0":{"name":"baseGet","decl":{"start":{"line":12,"column":9},"end":{"line":12,"column":16}},"loc":{"start":{"line":12,"column":31},"end":{"line":22,"column":1}},"line":12}},"branchMap":{"0":{"loc":{"start":{"line":18,"column":9},"end":{"line":18,"column":41}},"type":"binary-expr","locations":[{"start":{"line":18,"column":9},"end":{"line":18,"column":23}},{"start":{"line":18,"column":27},"end":{"line":18,"column":41}}],"line":18},"1":{"loc":{"start":{"line":21,"column":9},"end":{"line":21,"column":56}},"type":"cond-expr","locations":[{"start":{"line":21,"column":38},"end":{"line":21,"column":44}},{"start":{"line":21,"column":47},"end":{"line":21,"column":56}}],"line":21},"2":{"loc":{"start":{"line":21,"column":10},"end":{"line":21,"column":34}},"type":"binary-expr","locations":[{"start":{"line":21,"column":10},"end":{"line":21,"column":15}},{"start":{"line":21,"column":19},"end":{"line":21,"column":34}}],"line":21}},"s":{"0":8,"1":8,"2":8,"3":8,"4":18,"5":8},"f":{"0":8},"b":{"0":[26,23],"1":[7,1],"2":[8,8]},"_coverageSchema":"1a1c01bbd47fc00a2c39e90264f33305004495a9","hash":"2ebd2d1f89418d648be4db682174cec18c264509"}
,"C:\\Users\\mroff\\Desktop\\repositories\\software_testing\\src\\.internal\\baseReduce.js": {"path":"C:\\Users\\mroff\\Desktop\\repositories\\software_testing\\src\\.internal\\baseReduce.js","statementMap":{"0":{"start":{"line":15,"column":2},"end":{"line":19,"column":4}},"1":{"start":{"line":16,"column":4},"end":{"line":18,"column":55}},"2":{"start":{"line":20,"column":2},"end":{"line":20,"column":20}}},"fnMap":{"0":{"name":"baseReduce","decl":{"start":{"line":14,"column":9},"end":{"line":14,"column":19}},"loc":{"start":{"line":14,"column":76},"end":{"line":21,"column":1}},"line":14},"1":{"name":"(anonymous_1)","decl":{"start":{"line":15,"column":23},"end":{"line":15,"column":24}},"loc":{"start":{"line":15,"column":53},"end":{"line":19,"column":3}},"line":15}},"branchMap":{"0":{"loc":{"start":{"line":16,"column":18},"end":{"line":18,"column":55}},"type":"cond-expr","locations":[{"start":{"line":17,"column":9},"end":{"line":17,"column":33}},{"start":{"line":18,"column":8},"end":{"line":18,"column":55}}],"line":16}},"s":{"0":0,"1":0,"2":0},"f":{"0":0,"1":0},"b":{"0":[0,0]},"_coverageSchema":"1a1c01bbd47fc00a2c39e90264f33305004495a9","hash":"d8f59aa313c4afadb7a69d89f4b28530e4851723"}
,"C:\\Users\\mroff\\Desktop\\repositories\\software_testing\\src\\.internal\\baseToNumber.js": {"path":"C:\\Users\\mroff\\Desktop\\repositories\\software_testing\\src\\.internal\\baseToNumber.js","statementMap":{"0":{"start":{"line":4,"column":12},"end":{"line":4,"column":17}},"1":{"start":{"line":15,"column":2},"end":{"line":17,"column":3}},"2":{"start":{"line":16,"column":4},"end":{"line":16,"column":16}},"3":{"start":{"line":18,"column":2},"end":{"line":20,"column":3}},"4":{"start":{"line":19,"column":4},"end":{"line":19,"column":14}},"5":{"start":{"line":21,"column":2},"end":{"line":21,"column":15}}},"fnMap":{"0":{"name":"baseToNumber","decl":{"start":{"line":14,"column":9},"end":{"line":14,"column":21}},"loc":{"start":{"line":14,"column":29},"end":{"line":22,"column":1}},"line":14}},"branchMap":{"0":{"loc":{"start":{"line":15,"column":2},"end":{"line":17,"column":3}},"type":"if","locations":[{"start":{"line":15,"column":2},"end":{"line":17,"column":3}},{"start":{"line":15,"column":2},"end":{"line":17,"column":3}}],"line":15},"1":{"loc":{"start":{"line":18,"column":2},"end":{"line":20,"column":3}},"type":"if","locations":[{"start":{"line":18,"column":2},"end":{"line":20,"column":3}},{"start":{"line":18,"column":2},"end":{"line":20,"column":3}}],"line":18}},"s":{"0":4,"1":28,"2":28,"3":0,"4":0,"5":0},"f":{"0":28},"b":{"0":[28,0],"1":[0,0]},"_coverageSchema":"1a1c01bbd47fc00a2c39e90264f33305004495a9","hash":"f619d7a51b5a9dcfb54f21eb15e9609474e3993d"}
,"C:\\Users\\mroff\\Desktop\\repositories\\software_testing\\src\\.internal\\baseToString.js": {"path":"C:\\Users\\mroff\\Desktop\\repositories\\software_testing\\src\\.internal\\baseToString.js","statementMap":{"0":{"start":{"line":4,"column":17},"end":{"line":4,"column":22}},"1":{"start":{"line":7,"column":23},"end":{"line":7,"column":48}},"2":{"start":{"line":19,"column":2},"end":{"line":21,"column":3}},"3":{"start":{"line":20,"column":4},"end":{"line":20,"column":16}},"4":{"start":{"line":22,"column":2},"end":{"line":25,"column":3}},"5":{"start":{"line":24,"column":4},"end":{"line":24,"column":39}},"6":{"start":{"line":26,"column":2},"end":{"line":28,"column":3}},"7":{"start":{"line":27,"column":4},"end":{"line":27,"column":59}},"8":{"start":{"line":29,"column":17},"end":{"line":29,"column":27}},"9":{"start":{"line":30,"column":2},"end":{"line":30,"column":68}}},"fnMap":{"0":{"name":"baseToString","decl":{"start":{"line":17,"column":9},"end":{"line":17,"column":21}},"loc":{"start":{"line":17,"column":29},"end":{"line":31,"column":1}},"line":17}},"branchMap":{"0":{"loc":{"start":{"line":19,"column":2},"end":{"line":21,"column":3}},"type":"if","locations":[{"start":{"line":19,"column":2},"end":{"line":21,"column":3}},{"start":{"line":19,"column":2},"end":{"line":21,"column":3}}],"line":19},"1":{"loc":{"start":{"line":22,"column":2},"end":{"line":25,"column":3}},"type":"if","locations":[{"start":{"line":22,"column":2},"end":{"line":25,"column":3}},{"start":{"line":22,"column":2},"end":{"line":25,"column":3}}],"line":22},"2":{"loc":{"start":{"line":26,"column":2},"end":{"line":28,"column":3}},"type":"if","locations":[{"start":{"line":26,"column":2},"end":{"line":28,"column":3}},{"start":{"line":26,"column":2},"end":{"line":28,"column":3}}],"line":26},"3":{"loc":{"start":{"line":27,"column":11},"end":{"line":27,"column":59}},"type":"cond-expr","locations":[{"start":{"line":27,"column":28},"end":{"line":27,"column":54}},{"start":{"line":27,"column":57},"end":{"line":27,"column":59}}],"line":27},"4":{"loc":{"start":{"line":30,"column":9},"end":{"line":30,"column":68}},"type":"cond-expr","locations":[{"start":{"line":30,"column":55},"end":{"line":30,"column":59}},{"start":{"line":30,"column":62},"end":{"line":30,"column":68}}],"line":30},"5":{"loc":{"start":{"line":30,"column":10},"end":{"line":30,"column":51}},"type":"binary-expr","locations":[{"start":{"line":30,"column":10},"end":{"line":30,"column":23}},{"start":{"line":30,"column":27},"end":{"line":30,"column":51}}],"line":30}},"s":{"0":4,"1":4,"2":0,"3":0,"4":0,"5":0,"6":0,"7":0,"8":0,"9":0},"f":{"0":0},"b":{"0":[0,0],"1":[0,0],"2":[0,0],"3":[0,0],"4":[0,0],"5":[0,0]},"_coverageSchema":"1a1c01bbd47fc00a2c39e90264f33305004495a9","hash":"8f4b8cf469b46ff5ef4fcc45b807a5569c799ed1"}
,"C:\\Users\\mroff\\Desktop\\repositories\\software_testing\\src\\.internal\\castPath.js": {"path":"C:\\Users\\mroff\\Desktop\\repositories\\software_testing\\src\\.internal\\castPath.js","statementMap":{"0":{"start":{"line":13,"column":2},"end":{"line":15,"column":3}},"1":{"start":{"line":14,"column":4},"end":{"line":14,"column":16}},"2":{"start":{"line":16,"column":2},"end":{"line":16,"column":61}}},"fnMap":{"0":{"name":"castPath","decl":{"start":{"line":12,"column":9},"end":{"line":12,"column":17}},"loc":{"start":{"line":12,"column":33},"end":{"line":17,"column":1}},"line":12}},"branchMap":{"0":{"loc":{"start":{"line":13,"column":2},"end":{"line":15,"column":3}},"type":"if","locations":[{"start":{"line":13,"column":2},"end":{"line":15,"column":3}},{"start":{"line":13,"column":2},"end":{"line":15,"column":3}}],"line":13},"1":{"loc":{"start":{"line":16,"column":9},"end":{"line":16,"column":61}},"type":"cond-expr","locations":[{"start":{"line":16,"column":32},"end":{"line":16,"column":39}},{"start":{"line":16,"column":42},"end":{"line":16,"column":61}}],"line":16}},"s":{"0":8,"1":0,"2":8},"f":{"0":8},"b":{"0":[0,8],"1":[3,5]},"_coverageSchema":"1a1c01bbd47fc00a2c39e90264f33305004495a9","hash":"3f1c3b62bae288e7e8e070c1fdb6d740106deabb"}
,"C:\\Users\\mroff\\Desktop\\repositories\\software_testing\\src\\.internal\\castSlice.js": {"path":"C:\\Users\\mroff\\Desktop\\repositories\\software_testing\\src\\.internal\\castSlice.js","statementMap":{"0":{"start":{"line":13,"column":21},"end":{"line":13,"column":26}},"1":{"start":{"line":14,"column":2},"end":{"line":14,"column":40}},"2":{"start":{"line":15,"column":2},"end":{"line":15,"column":69}}},"fnMap":{"0":{"name":"castSlice","decl":{"start":{"line":12,"column":9},"end":{"line":12,"column":18}},"loc":{"start":{"line":12,"column":38},"end":{"line":16,"column":1}},"line":12}},"branchMap":{"0":{"loc":{"start":{"line":14,"column":8},"end":{"line":14,"column":40}},"type":"cond-expr","locations":[{"start":{"line":14,"column":28},"end":{"line":14,"column":34}},{"start":{"line":14,"column":37},"end":{"line":14,"column":40}}],"line":14},"1":{"loc":{"start":{"line":15,"column":9},"end":{"line":15,"column":69}},"type":"cond-expr","locations":[{"start":{"line":15,"column":37},"end":{"line":15,"column":42}},{"start":{"line":15,"column":45},"end":{"line":15,"column":69}}],"line":15},"2":{"loc":{"start":{"line":15,"column":10},"end":{"line":15,"column":33}},"type":"binary-expr","locations":[{"start":{"line":15,"column":10},"end":{"line":15,"column":16}},{"start":{"line":15,"column":20},"end":{"line":15,"column":33}}],"line":15}},"s":{"0":0,"1":0,"2":0},"f":{"0":0},"b":{"0":[0,0],"1":[0,0],"2":[0,0]},"_coverageSchema":"1a1c01bbd47fc00a2c39e90264f33305004495a9","hash":"84d7e2069c39e45ced25599dfeacbb30e8e9a7a5"}
,"C:\\Users\\mroff\\Desktop\\repositories\\software_testing\\src\\.internal\\createCaseFirst.js": {"path":"C:\\Users\\mroff\\Desktop\\repositories\\software_testing\\src\\.internal\\createCaseFirst.js","statementMap":{"0":{"start":{"line":13,"column":2},"end":{"line":31,"column":3}},"1":{"start":{"line":14,"column":4},"end":{"line":16,"column":5}},"2":{"start":{"line":15,"column":6},"end":{"line":15,"column":15}},"3":{"start":{"line":18,"column":23},"end":{"line":20,"column":17}},"4":{"start":{"line":22,"column":16},"end":{"line":24,"column":17}},"5":{"start":{"line":26,"column":21},"end":{"line":28,"column":23}},"6":{"start":{"line":30,"column":4},"end":{"line":30,"column":39}}},"fnMap":{"0":{"name":"createCaseFirst","decl":{"start":{"line":12,"column":9},"end":{"line":12,"column":24}},"loc":{"start":{"line":12,"column":37},"end":{"line":32,"column":1}},"line":12},"1":{"name":"(anonymous_1)","decl":{"start":{"line":13,"column":9},"end":{"line":13,"column":10}},"loc":{"start":{"line":13,"column":21},"end":{"line":31,"column":3}},"line":13}},"branchMap":{"0":{"loc":{"start":{"line":14,"column":4},"end":{"line":16,"column":5}},"type":"if","locations":[{"start":{"line":14,"column":4},"end":{"line":16,"column":5}},{"start":{"line":14,"column":4},"end":{"line":16,"column":5}}],"line":14},"1":{"loc":{"start":{"line":18,"column":23},"end":{"line":20,"column":17}},"type":"cond-expr","locations":[{"start":{"line":19,"column":8},"end":{"line":19,"column":29}},{"start":{"line":20,"column":8},"end":{"line":20,"column":17}}],"line":18},"2":{"loc":{"start":{"line":22,"column":16},"end":{"line":24,"column":17}},"type":"cond-expr","locations":[{"start":{"line":23,"column":8},"end":{"line":23,"column":21}},{"start":{"line":24,"column":8},"end":{"line":24,"column":17}}],"line":22},"3":{"loc":{"start":{"line":26,"column":21},"end":{"line":28,"column":23}},"type":"cond-expr","locations":[{"start":{"line":27,"column":8},"end":{"line":27,"column":41}},{"start":{"line":28,"column":8},"end":{"line":28,"column":23}}],"line":26}},"s":{"0":2,"1":4,"2":1,"3":3,"4":3,"5":3,"6":3},"f":{"0":2,"1":4},"b":{"0":[1,3],"1":[0,3],"2":[0,3],"3":[0,3]},"_coverageSchema":"1a1c01bbd47fc00a2c39e90264f33305004495a9","hash":"c44c5f2e2b2ceebf97daab202233504bd2791dc1"}
,"C:\\Users\\mroff\\Desktop\\repositories\\software_testing\\src\\.internal\\createMathOperation.js": {"path":"C:\\Users\\mroff\\Desktop\\repositories\\software_testing\\src\\.internal\\createMathOperation.js","statementMap":{"0":{"start":{"line":13,"column":2},"end":{"line":32,"column":3}},"1":{"start":{"line":14,"column":4},"end":{"line":16,"column":5}},"2":{"start":{"line":15,"column":6},"end":{"line":15,"column":25}},"3":{"start":{"line":17,"column":4},"end":{"line":19,"column":5}},"4":{"start":{"line":18,"column":6},"end":{"line":18,"column":18}},"5":{"start":{"line":20,"column":4},"end":{"line":22,"column":5}},"6":{"start":{"line":21,"column":6},"end":{"line":21,"column":18}},"7":{"start":{"line":23,"column":4},"end":{"line":30,"column":5}},"8":{"start":{"line":24,"column":6},"end":{"line":24,"column":33}},"9":{"start":{"line":25,"column":6},"end":{"line":25,"column":33}},"10":{"start":{"line":28,"column":6},"end":{"line":28,"column":33}},"11":{"start":{"line":29,"column":6},"end":{"line":29,"column":33}},"12":{"start":{"line":31,"column":4},"end":{"line":31,"column":33}}},"fnMap":{"0":{"name":"createMathOperation","decl":{"start":{"line":12,"column":9},"end":{"line":12,"column":28}},"loc":{"start":{"line":12,"column":53},"end":{"line":33,"column":1}},"line":12},"1":{"name":"(anonymous_1)","decl":{"start":{"line":13,"column":9},"end":{"line":13,"column":10}},"loc":{"start":{"line":13,"column":27},"end":{"line":32,"column":3}},"line":13}},"branchMap":{"0":{"loc":{"start":{"line":14,"column":4},"end":{"line":16,"column":5}},"type":"if","locations":[{"start":{"line":14,"column":4},"end":{"line":16,"column":5}},{"start":{"line":14,"column":4},"end":{"line":16,"column":5}}],"line":14},"1":{"loc":{"start":{"line":14,"column":8},"end":{"line":14,"column":50}},"type":"binary-expr","locations":[{"start":{"line":14,"column":8},"end":{"line":14,"column":27}},{"start":{"line":14,"column":31},"end":{"line":14,"column":50}}],"line":14},"2":{"loc":{"start":{"line":17,"column":4},"end":{"line":19,"column":5}},"type":"if","locations":[{"start":{"line":17,"column":4},"end":{"line":19,"column":5}},{"start":{"line":17,"column":4},"end":{"line":19,"column":5}}],"line":17},"3":{"loc":{"start":{"line":17,"column":8},"end":{"line":17,"column":50}},"type":"binary-expr","locations":[{"start":{"line":17,"column":8},"end":{"line":17,"column":27}},{"start":{"line":17,"column":31},"end":{"line":17,"column":50}}],"line":17},"4":{"loc":{"start":{"line":20,"column":4},"end":{"line":22,"column":5}},"type":"if","locations":[{"start":{"line":20,"column":4},"end":{"line":22,"column":5}},{"start":{"line":20,"column":4},"end":{"line":22,"column":5}}],"line":20},"5":{"loc":{"start":{"line":20,"column":8},"end":{"line":20,"column":50}},"type":"binary-expr","locations":[{"start":{"line":20,"column":8},"end":{"line":20,"column":27}},{"start":{"line":20,"column":31},"end":{"line":20,"column":50}}],"line":20},"6":{"loc":{"start":{"line":23,"column":4},"end":{"line":30,"column":5}},"type":"if","locations":[{"start":{"line":23,"column":4},"end":{"line":30,"column":5}},{"start":{"line":23,"column":4},"end":{"line":30,"column":5}}],"line":23},"7":{"loc":{"start":{"line":23,"column":8},"end":{"line":23,"column":62}},"type":"binary-expr","locations":[{"start":{"line":23,"column":8},"end":{"line":23,"column":33}},{"start":{"line":23,"column":37},"end":{"line":23,"column":62}}],"line":23}},"s":{"0":5,"1":14,"2":0,"3":14,"4":0,"5":14,"6":0,"7":14,"8":0,"9":0,"10":14,"11":14,"12":14},"f":{"0":5,"1":14},"b":{"0":[0,14],"1":[14,0],"2":[0,14],"3":[14,14],"4":[0,14],"5":[14,14],"6":[0,14],"7":[14,14]},"_coverageSchema":"1a1c01bbd47fc00a2c39e90264f33305004495a9","hash":"8bde045401611db33b383bf294df23280b417cc3"}
,"C:\\Users\\mroff\\Desktop\\repositories\\software_testing\\src\\.internal\\createRound.js": {"path":"C:\\Users\\mroff\\Desktop\\repositories\\software_testing\\src\\.internal\\createRound.js","statementMap":{"0":{"start":{"line":9,"column":15},"end":{"line":9,"column":31}},"1":{"start":{"line":10,"column":2},"end":{"line":22,"column":3}},"2":{"start":{"line":11,"column":4},"end":{"line":11,"column":111}},"3":{"start":{"line":12,"column":4},"end":{"line":20,"column":5}},"4":{"start":{"line":15,"column":17},"end":{"line":15,"column":40}},"5":{"start":{"line":16,"column":20},"end":{"line":16,"column":62}},"6":{"start":{"line":18,"column":6},"end":{"line":18,"column":35}},"7":{"start":{"line":19,"column":6},"end":{"line":19,"column":50}},"8":{"start":{"line":21,"column":4},"end":{"line":21,"column":23}}},"fnMap":{"0":{"name":"createRound","decl":{"start":{"line":8,"column":9},"end":{"line":8,"column":20}},"loc":{"start":{"line":8,"column":33},"end":{"line":23,"column":1}},"line":8},"1":{"name":"(anonymous_1)","decl":{"start":{"line":10,"column":9},"end":{"line":10,"column":10}},"loc":{"start":{"line":10,"column":32},"end":{"line":22,"column":3}},"line":10}},"branchMap":{"0":{"loc":{"start":{"line":11,"column":16},"end":{"line":11,"column":111}},"type":"cond-expr","locations":[{"start":{"line":11,"column":36},"end":{"line":11,"column":37}},{"start":{"line":11,"column":41},"end":{"line":11,"column":110}}],"line":11},"1":{"loc":{"start":{"line":11,"column":41},"end":{"line":11,"column":110}},"type":"cond-expr","locations":[{"start":{"line":11,"column":58},"end":{"line":11,"column":82}},{"start":{"line":11,"column":85},"end":{"line":11,"column":110}}],"line":11},"2":{"loc":{"start":{"line":12,"column":4},"end":{"line":20,"column":5}},"type":"if","locations":[{"start":{"line":12,"column":4},"end":{"line":20,"column":5}},{"start":{"line":12,"column":4},"end":{"line":20,"column":5}}],"line":12}},"s":{"0":2,"1":2,"2":6,"3":6,"4":5,"5":5,"6":5,"7":5,"8":1},"f":{"0":2,"1":6},"b":{"0":[1,5],"1":[4,1],"2":[5,1]},"_coverageSchema":"1a1c01bbd47fc00a2c39e90264f33305004495a9","hash":"5b59f45482bbaf9d77d43a835462a895d7ebccef"}
,"C:\\Users\\mroff\\Desktop\\repositories\\software_testing\\src\\.internal\\freeGlobal.js": {"path":"C:\\Users\\mroff\\Desktop\\repositories\\software_testing\\src\\.internal\\freeGlobal.js","statementMap":{"0":{"start":{"line":2,"column":19},"end":{"line":2,"column":102}}},"fnMap":{},"branchMap":{"0":{"loc":{"start":{"line":2,"column":19},"end":{"line":2,"column":102}},"type":"binary-expr","locations":[{"start":{"line":2,"column":19},"end":{"line":2,"column":45}},{"start":{"line":2,"column":49},"end":{"line":2,"column":64}},{"start":{"line":2,"column":68},"end":{"line":2,"column":92}},{"start":{"line":2,"column":96},"end":{"line":2,"column":102}}],"line":2}},"s":{"0":4},"f":{},"b":{"0":[4,4,4,4]},"_coverageSchema":"1a1c01bbd47fc00a2c39e90264f33305004495a9","hash":"54b3f032d1b9bf6df1b361b81c45c9d2b47b7df7"}
,"C:\\Users\\mroff\\Desktop\\repositories\\software_testing\\src\\.internal\\getTag.js": {"path":"C:\\Users\\mroff\\Desktop\\repositories\\software_testing\\src\\.internal\\getTag.js","statementMap":{"0":{"start":{"line":1,"column":17},"end":{"line":1,"column":42}},"1":{"start":{"line":11,"column":2},"end":{"line":13,"column":3}},"2":{"start":{"line":12,"column":4},"end":{"line":12,"column":71}},"3":{"start":{"line":14,"column":2},"end":{"line":14,"column":29}}},"fnMap":{"0":{"name":"getTag","decl":{"start":{"line":10,"column":9},"end":{"line":10,"column":15}},"loc":{"start":{"line":10,"column":23},"end":{"line":15,"column":1}},"line":10}},"branchMap":{"0":{"loc":{"start":{"line":11,"column":2},"end":{"line":13,"column":3}},"type":"if","locations":[{"start":{"line":11,"column":2},"end":{"line":13,"column":3}},{"start":{"line":11,"column":2},"end":{"line":13,"column":3}}],"line":11},"1":{"loc":{"start":{"line":12,"column":11},"end":{"line":12,"column":71}},"type":"cond-expr","locations":[{"start":{"line":12,"column":33},"end":{"line":12,"column":53}},{"start":{"line":12,"column":56},"end":{"line":12,"column":71}}],"line":12}},"s":{"0":9,"1":7,"2":0,"3":7},"f":{"0":7},"b":{"0":[0,7],"1":[0,0]},"_coverageSchema":"1a1c01bbd47fc00a2c39e90264f33305004495a9","hash":"b19fcf83c0909cd16680a948639d5b58f873d659"}
,"C:\\Users\\mroff\\Desktop\\repositories\\software_testing\\src\\.internal\\hasUnicode.js": {"path":"C:\\Users\\mroff\\Desktop\\repositories\\software_testing\\src\\.internal\\hasUnicode.js","statementMap":{"0":{"start":{"line":2,"column":22},"end":{"line":2,"column":39}},"1":{"start":{"line":3,"column":26},"end":{"line":3,"column":43}},"2":{"start":{"line":4,"column":30},"end":{"line":4,"column":47}},"3":{"start":{"line":5,"column":28},"end":{"line":5,"column":45}},"4":{"start":{"line":6,"column":34},"end":{"line":6,"column":51}},"5":{"start":{"line":7,"column":36},"end":{"line":7,"column":53}},"6":{"start":{"line":8,"column":21},"end":{"line":8,"column":142}},"7":{"start":{"line":9,"column":19},"end":{"line":9,"column":35}},"8":{"start":{"line":12,"column":14},"end":{"line":12,"column":23}},"9":{"start":{"line":15,"column":21},"end":{"line":15,"column":85}},"10":{"start":{"line":25,"column":2},"end":{"line":25,"column":34}}},"fnMap":{"0":{"name":"hasUnicode","decl":{"start":{"line":24,"column":9},"end":{"line":24,"column":19}},"loc":{"start":{"line":24,"column":28},"end":{"line":26,"column":1}},"line":24}},"branchMap":{},"s":{"0":2,"1":2,"2":2,"3":2,"4":2,"5":2,"6":2,"7":2,"8":2,"9":2,"10":3},"f":{"0":3},"b":{},"_coverageSchema":"1a1c01bbd47fc00a2c39e90264f33305004495a9","hash":"2a3cf2266f9b7f6989ca51c001bbd81d61670d85"}
,"C:\\Users\\mroff\\Desktop\\repositories\\software_testing\\src\\.internal\\isFlattenable.js": {"path":"C:\\Users\\mroff\\Desktop\\repositories\\software_testing\\src\\.internal\\isFlattenable.js","statementMap":{"0":{"start":{"line":4,"column":25},"end":{"line":4,"column":50}},"1":{"start":{"line":14,"column":2},"end":{"line":15,"column":40}}},"fnMap":{"0":{"name":"isFlattenable","decl":{"start":{"line":13,"column":9},"end":{"line":13,"column":22}},"loc":{"start":{"line":13,"column":30},"end":{"line":16,"column":1}},"line":13}},"branchMap":{"0":{"loc":{"start":{"line":14,"column":9},"end":{"line":15,"column":40}},"type":"binary-expr","locations":[{"start":{"line":14,"column":9},"end":{"line":14,"column":29}},{"start":{"line":14,"column":33},"end":{"line":14,"column":51}},{"start":{"line":15,"column":4},"end":{"line":15,"column":40}}],"line":14},"1":{"loc":{"start":{"line":15,"column":7},"end":{"line":15,"column":39}},"type":"binary-expr","locations":[{"start":{"line":15,"column":7},"end":{"line":15,"column":12}},{"start":{"line":15,"column":16},"end":{"line":15,"column":39}}],"line":15}},"s":{"0":2,"1":6},"f":{"0":6},"b":{"0":[6,0,0],"1":[0,0]},"_coverageSchema":"1a1c01bbd47fc00a2c39e90264f33305004495a9","hash":"4725d340fe0ba1805657a871a4fa106cc7ff6c4d"}
,"C:\\Users\\mroff\\Desktop\\repositories\\software_testing\\src\\.internal\\isIndex.js": {"path":"C:\\Users\\mroff\\Desktop\\repositories\\software_testing\\src\\.internal\\isIndex.js","statementMap":{"0":{"start":{"line":2,"column":25},"end":{"line":2,"column":41}},"1":{"start":{"line":5,"column":17},"end":{"line":5,"column":35}},"2":{"start":{"line":16,"column":15},"end":{"line":16,"column":27}},"3":{"start":{"line":17,"column":2},"end":{"line":17,"column":53}},"4":{"start":{"line":19,"column":2},"end":{"line":22,"column":56}}},"fnMap":{"0":{"name":"isIndex","decl":{"start":{"line":15,"column":9},"end":{"line":15,"column":16}},"loc":{"start":{"line":15,"column":32},"end":{"line":23,"column":1}},"line":15}},"branchMap":{"0":{"loc":{"start":{"line":17,"column":11},"end":{"line":17,"column":53}},"type":"cond-expr","locations":[{"start":{"line":17,"column":28},"end":{"line":17,"column":44}},{"start":{"line":17,"column":47},"end":{"line":17,"column":53}}],"line":17},"1":{"loc":{"start":{"line":19,"column":9},"end":{"line":22,"column":56}},"type":"binary-expr","locations":[{"start":{"line":19,"column":9},"end":{"line":19,"column":17}},{"start":{"line":20,"column":5},"end":{"line":20,"column":22}},{"start":{"line":21,"column":7},"end":{"line":21,"column":24}},{"start":{"line":21,"column":28},"end":{"line":21,"column":48}},{"start":{"line":22,"column":9},"end":{"line":22,"column":19}},{"start":{"line":22,"column":23},"end":{"line":22,"column":37}},{"start":{"line":22,"column":41},"end":{"line":22,"column":55}}],"line":19}},"s":{"0":2,"1":2,"2":0,"3":0,"4":0},"f":{"0":0},"b":{"0":[0,0],"1":[0,0,0,0,0,0,0]},"_coverageSchema":"1a1c01bbd47fc00a2c39e90264f33305004495a9","hash":"eb0245554b7a3aed74af11452472b9cf15e98c40"}
,"C:\\Users\\mroff\\Desktop\\repositories\\software_testing\\src\\.internal\\isKey.js": {"path":"C:\\Users\\mroff\\Desktop\\repositories\\software_testing\\src\\.internal\\isKey.js","statementMap":{"0":{"start":{"line":4,"column":21},"end":{"line":4,"column":71}},"1":{"start":{"line":5,"column":22},"end":{"line":5,"column":29}},"2":{"start":{"line":16,"column":2},"end":{"line":18,"column":3}},"3":{"start":{"line":17,"column":4},"end":{"line":17,"column":16}},"4":{"start":{"line":19,"column":15},"end":{"line":19,"column":27}},"5":{"start":{"line":20,"column":2},"end":{"line":22,"column":3}},"6":{"start":{"line":21,"column":4},"end":{"line":21,"column":15}},"7":{"start":{"line":23,"column":2},"end":{"line":24,"column":47}}},"fnMap":{"0":{"name":"isKey","decl":{"start":{"line":15,"column":9},"end":{"line":15,"column":14}},"loc":{"start":{"line":15,"column":30},"end":{"line":25,"column":1}},"line":15}},"branchMap":{"0":{"loc":{"start":{"line":16,"column":2},"end":{"line":18,"column":3}},"type":"if","locations":[{"start":{"line":16,"column":2},"end":{"line":18,"column":3}},{"start":{"line":16,"column":2},"end":{"line":18,"column":3}}],"line":16},"1":{"loc":{"start":{"line":20,"column":2},"end":{"line":22,"column":3}},"type":"if","locations":[{"start":{"line":20,"column":2},"end":{"line":22,"column":3}},{"start":{"line":20,"column":2},"end":{"line":22,"column":3}}],"line":20},"2":{"loc":{"start":{"line":20,"column":6},"end":{"line":20,"column":81}},"type":"binary-expr","locations":[{"start":{"line":20,"column":6},"end":{"line":20,"column":23}},{"start":{"line":20,"column":27},"end":{"line":20,"column":45}},{"start":{"line":20,"column":49},"end":{"line":20,"column":62}},{"start":{"line":20,"column":66},"end":{"line":20,"column":81}}],"line":20},"3":{"loc":{"start":{"line":23,"column":9},"end":{"line":24,"column":47}},"type":"binary-expr","locations":[{"start":{"line":23,"column":9},"end":{"line":23,"column":34}},{"start":{"line":23,"column":38},"end":{"line":23,"column":63}},{"start":{"line":24,"column":5},"end":{"line":24,"column":19}},{"start":{"line":24,"column":23},"end":{"line":24,"column":46}}],"line":23}},"s":{"0":2,"1":2,"2":8,"3":0,"4":8,"5":8,"6":1,"7":7},"f":{"0":8},"b":{"0":[0,8],"1":[1,7],"2":[8,7,7,7],"3":[7,5,5,5]},"_coverageSchema":"1a1c01bbd47fc00a2c39e90264f33305004495a9","hash":"0b166d433e93dadf7d1bb458aede7f11725ad1aa"}
,"C:\\Users\\mroff\\Desktop\\repositories\\software_testing\\src\\.internal\\isPrototype.js": {"path":"C:\\Users\\mroff\\Desktop\\repositories\\software_testing\\src\\.internal\\isPrototype.js","statementMap":{"0":{"start":{"line":2,"column":20},"end":{"line":2,"column":36}},"1":{"start":{"line":12,"column":15},"end":{"line":12,"column":41}},"2":{"start":{"line":13,"column":16},"end":{"line":13,"column":77}},"3":{"start":{"line":15,"column":2},"end":{"line":15,"column":24}}},"fnMap":{"0":{"name":"isPrototype","decl":{"start":{"line":11,"column":9},"end":{"line":11,"column":20}},"loc":{"start":{"line":11,"column":28},"end":{"line":16,"column":1}},"line":11}},"branchMap":{"0":{"loc":{"start":{"line":12,"column":15},"end":{"line":12,"column":41}},"type":"binary-expr","locations":[{"start":{"line":12,"column":15},"end":{"line":12,"column":20}},{"start":{"line":12,"column":24},"end":{"line":12,"column":41}}],"line":12},"1":{"loc":{"start":{"line":13,"column":16},"end":{"line":13,"column":77}},"type":"binary-expr","locations":[{"start":{"line":13,"column":17},"end":{"line":13,"column":43}},{"start":{"line":13,"column":47},"end":{"line":13,"column":61}},{"start":{"line":13,"column":66},"end":{"line":13,"column":77}}],"line":13}},"s":{"0":3,"1":4,"2":4,"3":4},"f":{"0":4},"b":{"0":[4,4],"1":[4,4,0]},"_coverageSchema":"1a1c01bbd47fc00a2c39e90264f33305004495a9","hash":"a40f74f6626e86353b45e61a9b854d76d92ac401"}
,"C:\\Users\\mroff\\Desktop\\repositories\\software_testing\\src\\.internal\\memoizeCapped.js": {"path":"C:\\Users\\mroff\\Desktop\\repositories\\software_testing\\src\\.internal\\memoizeCapped.js","statementMap":{"0":{"start":{"line":4,"column":25},"end":{"line":4,"column":28}},"1":{"start":{"line":15,"column":17},"end":{"line":21,"column":4}},"2":{"start":{"line":16,"column":22},"end":{"line":16,"column":28}},"3":{"start":{"line":17,"column":4},"end":{"line":19,"column":5}},"4":{"start":{"line":18,"column":6},"end":{"line":18,"column":19}},"5":{"start":{"line":20,"column":4},"end":{"line":20,"column":14}},"6":{"start":{"line":23,"column":2},"end":{"line":23,"column":15}}},"fnMap":{"0":{"name":"memoizeCapped","decl":{"start":{"line":14,"column":9},"end":{"line":14,"column":22}},"loc":{"start":{"line":14,"column":29},"end":{"line":24,"column":1}},"line":14},"1":{"name":"(anonymous_1)","decl":{"start":{"line":15,"column":31},"end":{"line":15,"column":32}},"loc":{"start":{"line":15,"column":40},"end":{"line":21,"column":3}},"line":15}},"branchMap":{"0":{"loc":{"start":{"line":17,"column":4},"end":{"line":19,"column":5}},"type":"if","locations":[{"start":{"line":17,"column":4},"end":{"line":19,"column":5}},{"start":{"line":17,"column":4},"end":{"line":19,"column":5}}],"line":17}},"s":{"0":2,"1":2,"2":5,"3":5,"4":0,"5":5,"6":2},"f":{"0":2,"1":5},"b":{"0":[0,5]},"_coverageSchema":"1a1c01bbd47fc00a2c39e90264f33305004495a9","hash":"3d61d6af4865fb8f794a5272cdd3e0aabb5179aa"}
,"C:\\Users\\mroff\\Desktop\\repositories\\software_testing\\src\\.internal\\nodeTypes.js": {"path":"C:\\Users\\mroff\\Desktop\\repositories\\software_testing\\src\\.internal\\nodeTypes.js","statementMap":{"0":{"start":{"line":4,"column":20},"end":{"line":4,"column":99}},"1":{"start":{"line":7,"column":19},"end":{"line":7,"column":109}},"2":{"start":{"line":10,"column":22},"end":{"line":10,"column":70}},"3":{"start":{"line":13,"column":20},"end":{"line":13,"column":55}},"4":{"start":{"line":16,"column":19},"end":{"line":26,"column":4}},"5":{"start":{"line":17,"column":2},"end":{"line":25,"column":16}},"6":{"start":{"line":20,"column":24},"end":{"line":20,"column":92}},"7":{"start":{"line":21,"column":4},"end":{"line":24,"column":73}}},"fnMap":{"0":{"name":"(anonymous_0)","decl":{"start":{"line":16,"column":20},"end":{"line":16,"column":21}},"loc":{"start":{"line":16,"column":26},"end":{"line":26,"column":1}},"line":16}},"branchMap":{"0":{"loc":{"start":{"line":4,"column":20},"end":{"line":4,"column":99}},"type":"binary-expr","locations":[{"start":{"line":4,"column":20},"end":{"line":4,"column":47}},{"start":{"line":4,"column":51},"end":{"line":4,"column":67}},{"start":{"line":4,"column":71},"end":{"line":4,"column":88}},{"start":{"line":4,"column":92},"end":{"line":4,"column":99}}],"line":4},"1":{"loc":{"start":{"line":7,"column":19},"end":{"line":7,"column":109}},"type":"binary-expr","locations":[{"start":{"line":7,"column":19},"end":{"line":7,"column":30}},{"start":{"line":7,"column":34},"end":{"line":7,"column":60}},{"start":{"line":7,"column":64},"end":{"line":7,"column":79}},{"start":{"line":7,"column":83},"end":{"line":7,"column":99}},{"start":{"line":7,"column":103},"end":{"line":7,"column":109}}],"line":7},"2":{"loc":{"start":{"line":10,"column":22},"end":{"line":10,"column":70}},"type":"binary-expr","locations":[{"start":{"line":10,"column":22},"end":{"line":10,"column":32}},{"start":{"line":10,"column":36},"end":{"line":10,"column":70}}],"line":10},"3":{"loc":{"start":{"line":13,"column":20},"end":{"line":13,"column":55}},"type":"binary-expr","locations":[{"start":{"line":13,"column":20},"end":{"line":13,"column":33}},{"start":{"line":13,"column":37},"end":{"line":13,"column":55}}],"line":13},"4":{"loc":{"start":{"line":20,"column":24},"end":{"line":20,"column":92}},"type":"binary-expr","locations":[{"start":{"line":20,"column":24},"end":{"line":20,"column":34}},{"start":{"line":20,"column":38},"end":{"line":20,"column":56}},{"start":{"line":20,"column":60},"end":{"line":20,"column":92}}],"line":20},"5":{"loc":{"start":{"line":21,"column":11},"end":{"line":24,"column":73}},"type":"cond-expr","locations":[{"start":{"line":22,"column":8},"end":{"line":22,"column":19}},{"start":{"line":24,"column":8},"end":{"line":24,"column":73}}],"line":21},"6":{"loc":{"start":{"line":24,"column":8},"end":{"line":24,"column":73}},"type":"binary-expr","locations":[{"start":{"line":24,"column":8},"end":{"line":24,"column":19}},{"start":{"line":24,"column":23},"end":{"line":24,"column":42}},{"start":{"line":24,"column":46},"end":{"line":24,"column":73}}],"line":24}},"s":{"0":4,"1":4,"2":4,"3":4,"4":4,"5":4,"6":4,"7":4},"f":{"0":4},"b":{"0":[4,4,4,4],"1":[4,4,4,4,4],"2":[4,4],"3":[4,4],"4":[4,4,4],"5":[4,0],"6":[0,0,0]},"_coverageSchema":"1a1c01bbd47fc00a2c39e90264f33305004495a9","hash":"96dddf0f90ee5dfc53483cb2d295bbdbba25a0ae"}
,"C:\\Users\\mroff\\Desktop\\repositories\\software_testing\\src\\.internal\\root.js": {"path":"C:\\Users\\mroff\\Desktop\\repositories\\software_testing\\src\\.internal\\root.js","statementMap":{"0":{"start":{"line":5,"column":23},"end":{"line":5,"column":121}},"1":{"start":{"line":8,"column":17},"end":{"line":8,"column":92}},"2":{"start":{"line":11,"column":13},"end":{"line":11,"column":82}}},"fnMap":{},"branchMap":{"0":{"loc":{"start":{"line":5,"column":23},"end":{"line":5,"column":121}},"type":"binary-expr","locations":[{"start":{"line":5,"column":23},"end":{"line":5,"column":53}},{"start":{"line":5,"column":57},"end":{"line":5,"column":76}},{"start":{"line":5,"column":80},"end":{"line":5,"column":107}},{"start":{"line":5,"column":111},"end":{"line":5,"column":121}}],"line":5},"1":{"loc":{"start":{"line":8,"column":17},"end":{"line":8,"column":92}},"type":"binary-expr","locations":[{"start":{"line":8,"column":17},"end":{"line":8,"column":41}},{"start":{"line":8,"column":45},"end":{"line":8,"column":58}},{"start":{"line":8,"column":62},"end":{"line":8,"column":84}},{"start":{"line":8,"column":88},"end":{"line":8,"column":92}}],"line":8},"2":{"loc":{"start":{"line":11,"column":13},"end":{"line":11,"column":82}},"type":"binary-expr","locations":[{"start":{"line":11,"column":13},"end":{"line":11,"column":27}},{"start":{"line":11,"column":31},"end":{"line":11,"column":41}},{"start":{"line":11,"column":45},"end":{"line":11,"column":53}},{"start":{"line":11,"column":57},"end":{"line":11,"column":82}}],"line":11}},"s":{"0":4,"1":4,"2":4},"f":{},"b":{"0":[4,4,4,4],"1":[4,0,0,0],"2":[4,0,0,0]},"_coverageSchema":"1a1c01bbd47fc00a2c39e90264f33305004495a9","hash":"1ff69cc738881f85b078c9d6ed2142cf3c3d50d8"}
,"C:\\Users\\mroff\\Desktop\\repositories\\software_testing\\src\\.internal\\stringToArray.js": {"path":"C:\\Users\\mroff\\Desktop\\repositories\\software_testing\\src\\.internal\\stringToArray.js","statementMap":{"0":{"start":{"line":13,"column":2},"end":{"line":15,"column":26}}},"fnMap":{"0":{"name":"stringToArray","decl":{"start":{"line":12,"column":9},"end":{"line":12,"column":22}},"loc":{"start":{"line":12,"column":31},"end":{"line":16,"column":1}},"line":12}},"branchMap":{"0":{"loc":{"start":{"line":13,"column":9},"end":{"line":15,"column":26}},"type":"cond-expr","locations":[{"start":{"line":14,"column":6},"end":{"line":14,"column":28}},{"start":{"line":15,"column":6},"end":{"line":15,"column":26}}],"line":13}},"s":{"0":0},"f":{"0":0},"b":{"0":[0,0]},"_coverageSchema":"1a1c01bbd47fc00a2c39e90264f33305004495a9","hash":"52472892989af8e5123017a0165f7269a769e2a9"}
,"C:\\Users\\mroff\\Desktop\\repositories\\software_testing\\src\\.internal\\stringToPath.js": {"path":"C:\\Users\\mroff\\Desktop\\repositories\\software_testing\\src\\.internal\\stringToPath.js","statementMap":{"0":{"start":{"line":3,"column":22},"end":{"line":3,"column":39}},"1":{"start":{"line":4,"column":21},"end":{"line":4,"column":31}},"2":{"start":{"line":5,"column":19},"end":{"line":17,"column":8}},"3":{"start":{"line":26,"column":21},"end":{"line":42,"column":2}},"4":{"start":{"line":27,"column":17},"end":{"line":27,"column":19}},"5":{"start":{"line":28,"column":2},"end":{"line":30,"column":3}},"6":{"start":{"line":29,"column":4},"end":{"line":29,"column":19}},"7":{"start":{"line":31,"column":2},"end":{"line":40,"column":4}},"8":{"start":{"line":32,"column":14},"end":{"line":32,"column":19}},"9":{"start":{"line":33,"column":4},"end":{"line":38,"column":5}},"10":{"start":{"line":34,"column":6},"end":{"line":34,"column":49}},"11":{"start":{"line":36,"column":9},"end":{"line":38,"column":5}},"12":{"start":{"line":37,"column":6},"end":{"line":37,"column":29}},"13":{"start":{"line":39,"column":4},"end":{"line":39,"column":20}},"14":{"start":{"line":41,"column":2},"end":{"line":41,"column":15}}},"fnMap":{"0":{"name":"(anonymous_0)","decl":{"start":{"line":26,"column":35},"end":{"line":26,"column":36}},"loc":{"start":{"line":26,"column":47},"end":{"line":42,"column":1}},"line":26},"1":{"name":"(anonymous_1)","decl":{"start":{"line":31,"column":29},"end":{"line":31,"column":30}},"loc":{"start":{"line":31,"column":70},"end":{"line":40,"column":3}},"line":31}},"branchMap":{"0":{"loc":{"start":{"line":28,"column":2},"end":{"line":30,"column":3}},"type":"if","locations":[{"start":{"line":28,"column":2},"end":{"line":30,"column":3}},{"start":{"line":28,"column":2},"end":{"line":30,"column":3}}],"line":28},"1":{"loc":{"start":{"line":33,"column":4},"end":{"line":38,"column":5}},"type":"if","locations":[{"start":{"line":33,"column":4},"end":{"line":38,"column":5}},{"start":{"line":33,"column":4},"end":{"line":38,"column":5}}],"line":33},"2":{"loc":{"start":{"line":36,"column":9},"end":{"line":38,"column":5}},"type":"if","locations":[{"start":{"line":36,"column":9},"end":{"line":38,"column":5}},{"start":{"line":36,"column":9},"end":{"line":38,"column":5}}],"line":36}},"s":{"0":2,"1":2,"2":2,"3":2,"4":5,"5":5,"6":0,"7":5,"8":16,"9":16,"10":0,"11":16,"12":5,"13":16,"14":5},"f":{"0":5,"1":16},"b":{"0":[0,5],"1":[0,16],"2":[5,11]},"_coverageSchema":"1a1c01bbd47fc00a2c39e90264f33305004495a9","hash":"174f5e1ef6cb201728fe4a9e4d3f36cab6c1722e"}
,"C:\\Users\\mroff\\Desktop\\repositories\\software_testing\\src\\.internal\\toKey.js": {"path":"C:\\Users\\mroff\\Desktop\\repositories\\software_testing\\src\\.internal\\toKey.js","statementMap":{"0":{"start":{"line":4,"column":17},"end":{"line":4,"column":22}},"1":{"start":{"line":14,"column":2},"end":{"line":16,"column":3}},"2":{"start":{"line":15,"column":4},"end":{"line":15,"column":16}},"3":{"start":{"line":17,"column":17},"end":{"line":17,"column":27}},"4":{"start":{"line":18,"column":2},"end":{"line":18,"column":68}}},"fnMap":{"0":{"name":"toKey","decl":{"start":{"line":13,"column":9},"end":{"line":13,"column":14}},"loc":{"start":{"line":13,"column":22},"end":{"line":19,"column":1}},"line":13}},"branchMap":{"0":{"loc":{"start":{"line":14,"column":2},"end":{"line":16,"column":3}},"type":"if","locations":[{"start":{"line":14,"column":2},"end":{"line":16,"column":3}},{"start":{"line":14,"column":2},"end":{"line":16,"column":3}}],"line":14},"1":{"loc":{"start":{"line":14,"column":6},"end":{"line":14,"column":50}},"type":"binary-expr","locations":[{"start":{"line":14,"column":6},"end":{"line":14,"column":31}},{"start":{"line":14,"column":35},"end":{"line":14,"column":50}}],"line":14},"2":{"loc":{"start":{"line":18,"column":9},"end":{"line":18,"column":68}},"type":"cond-expr","locations":[{"start":{"line":18,"column":55},"end":{"line":18,"column":59}},{"start":{"line":18,"column":62},"end":{"line":18,"column":68}}],"line":18},"3":{"loc":{"start":{"line":18,"column":10},"end":{"line":18,"column":51}},"type":"binary-expr","locations":[{"start":{"line":18,"column":10},"end":{"line":18,"column":23}},{"start":{"line":18,"column":27},"end":{"line":18,"column":51}}],"line":18}},"s":{"0":2,"1":18,"2":17,"3":1,"4":1},"f":{"0":18},"b":{"0":[17,1],"1":[18,1],"2":[0,1],"3":[1,0]},"_coverageSchema":"1a1c01bbd47fc00a2c39e90264f33305004495a9","hash":"49711a32352b0bd59689eb61353f538e901a8a1e"}
,"C:\\Users\\mroff\\Desktop\\repositories\\software_testing\\src\\.internal\\unicodeToArray.js": {"path":"C:\\Users\\mroff\\Desktop\\repositories\\software_testing\\src\\.internal\\unicodeToArray.js","statementMap":{"0":{"start":{"line":2,"column":22},"end":{"line":2,"column":39}},"1":{"start":{"line":3,"column":26},"end":{"line":3,"column":43}},"2":{"start":{"line":4,"column":30},"end":{"line":4,"column":47}},"3":{"start":{"line":5,"column":28},"end":{"line":5,"column":45}},"4":{"start":{"line":6,"column":34},"end":{"line":6,"column":51}},"5":{"start":{"line":7,"column":36},"end":{"line":7,"column":53}},"6":{"start":{"line":8,"column":21},"end":{"line":8,"column":142}},"7":{"start":{"line":9,"column":19},"end":{"line":9,"column":35}},"8":{"start":{"line":12,"column":17},"end":{"line":12,"column":37}},"9":{"start":{"line":13,"column":16},"end":{"line":13,"column":35}},"10":{"start":{"line":14,"column":15},"end":{"line":14,"column":41}},"11":{"start":{"line":15,"column":19},"end":{"line":15,"column":45}},"12":{"start":{"line":16,"column":20},"end":{"line":16,"column":41}},"13":{"start":{"line":17,"column":19},"end":{"line":17,"column":52}},"14":{"start":{"line":18,"column":19},"end":{"line":18,"column":55}},"15":{"start":{"line":19,"column":14},"end":{"line":19,"column":23}},"16":{"start":{"line":22,"column":17},"end":{"line":22,"column":33}},"17":{"start":{"line":23,"column":17},"end":{"line":23,"column":35}},"18":{"start":{"line":24,"column":18},"end":{"line":24,"column":109}},"19":{"start":{"line":25,"column":14},"end":{"line":25,"column":45}},"20":{"start":{"line":26,"column":25},"end":{"line":26,"column":52}},"21":{"start":{"line":27,"column":17},"end":{"line":27,"column":97}},"22":{"start":{"line":30,"column":18},"end":{"line":30,"column":75}},"23":{"start":{"line":40,"column":2},"end":{"line":40,"column":38}}},"fnMap":{"0":{"name":"unicodeToArray","decl":{"start":{"line":39,"column":9},"end":{"line":39,"column":23}},"loc":{"start":{"line":39,"column":32},"end":{"line":41,"column":1}},"line":39}},"branchMap":{"0":{"loc":{"start":{"line":40,"column":9},"end":{"line":40,"column":38}},"type":"binary-expr","locations":[{"start":{"line":40,"column":9},"end":{"line":40,"column":32}},{"start":{"line":40,"column":36},"end":{"line":40,"column":38}}],"line":40}},"s":{"0":2,"1":2,"2":2,"3":2,"4":2,"5":2,"6":2,"7":2,"8":2,"9":2,"10":2,"11":2,"12":2,"13":2,"14":2,"15":2,"16":2,"17":2,"18":2,"19":2,"20":2,"21":2,"22":2,"23":0},"f":{"0":0},"b":{"0":[0,0]},"_coverageSchema":"1a1c01bbd47fc00a2c39e90264f33305004495a9","hash":"6f2c576c42cc8eabe9112d757c0903381dc2313f"}
}
