TN:
SF:src\add.js
FN:16,(anonymous_0)
FNF:1
FNH:1
FNDA:7,(anonymous_0)
DA:16,7
LF:1
LH:1
BRF:0
BRH:0
end_of_record
TN:
SF:src\at.js
FN:19,(anonymous_0)
FNF:1
FNH:1
FNDA:6,(anonymous_0)
DA:19,6
LF:1
LH:1
BRF:0
BRH:0
end_of_record
TN:
SF:src\ceil.js
FNF:0
FNH:0
DA:22,2
LF:1
LH:1
BRF:0
BRH:0
end_of_record
TN:
SF:src\divide.js
FN:16,(anonymous_0)
FNF:1
FNH:1
FNDA:7,(anonymous_0)
DA:16,7
LF:1
LH:1
BRF:0
BRH:0
end_of_record
TN:
SF:src\endsWith.js
FN:23,endsWith
FNF:1
FNH:1
FNDA:13,endsWith
DA:24,13
DA:25,13
DA:26,13
DA:27,3
DA:29,10
DA:30,3
DA:32,13
DA:33,13
DA:34,13
LF:9
LH:9
BRDA:25,0,0,6
BRDA:25,0,1,7
BRDA:26,1,0,3
BRDA:26,1,1,10
BRDA:26,2,0,13
BRDA:26,2,1,10
BRDA:29,3,0,3
BRDA:29,3,1,7
BRDA:34,4,0,13
BRDA:34,4,1,11
BRF:10
BRH:10
end_of_record
TN:
SF:src\filter.js
FN:24,filter
FNF:1
FNH:1
FNDA:6,filter
DA:25,6
DA:26,6
DA:27,6
DA:28,6
DA:30,6
DA:31,12
DA:32,12
DA:33,6
DA:36,6
LF:9
LH:9
BRDA:27,0,0,1
BRDA:27,0,1,5
BRDA:32,1,0,6
BRDA:32,1,1,6
BRF:4
BRH:4
end_of_record
TN:
SF:src\get.js
FN:27,get
FNF:1
FNH:1
FNDA:8,get
DA:28,8
DA:29,8
LF:2
LH:2
BRDA:28,0,0,0
BRDA:28,0,1,8
BRDA:29,1,0,3
BRDA:29,1,1,5
BRF:4
BRH:3
end_of_record
TN:
SF:src\isArguments.js
FN:19,isArguments
FNF:1
FNH:1
FNDA:1,isArguments
DA:20,1
LF:1
LH:1
BRDA:20,0,0,1
BRDA:20,0,1,1
BRF:2
BRH:2
end_of_record
TN:
SF:src\isArrayLike.js
FN:26,isArrayLike
FNF:1
FNH:1
FNDA:13,isArrayLike
DA:27,13
LF:1
LH:1
BRDA:27,0,0,13
BRDA:27,0,1,13
BRDA:27,0,2,13
BRF:3
BRH:3
end_of_record
TN:
SF:src\isBuffer.js
FN:33,(anonymous_0)
FNF:1
FNH:0
FNDA:0,(anonymous_0)
DA:4,4
DA:7,4
DA:10,4
DA:13,4
DA:16,4
DA:33,4
LF:6
LH:6
BRDA:4,0,0,4
BRDA:4,0,1,4
BRDA:4,0,2,4
BRDA:4,0,3,4
BRDA:7,1,0,4
BRDA:7,1,1,4
BRDA:7,1,2,4
BRDA:7,1,3,4
BRDA:7,1,4,4
BRDA:10,2,0,4
BRDA:10,2,1,4
BRDA:13,3,0,4
BRDA:13,3,1,0
BRDA:16,4,0,4
BRDA:16,4,1,0
BRDA:33,5,0,4
BRDA:33,5,1,0
BRF:17
BRH:14
end_of_record
TN:
SF:src\isEmpty.js
FN:45,isEmpty
FNF:1
FNH:1
FNDA:14,isEmpty
DA:9,3
DA:46,14
DA:47,1
DA:49,13
DA:52,7
DA:54,6
DA:55,6
DA:56,2
DA:58,4
DA:59,1
DA:61,3
DA:62,1
DA:63,1
DA:66,2
LF:14
LH:14
BRDA:46,0,0,1
BRDA:46,0,1,13
BRDA:49,1,0,7
BRDA:49,1,1,6
BRDA:49,2,0,13
BRDA:49,2,1,7
BRDA:49,2,2,5
BRDA:49,2,3,3
BRDA:49,2,4,3
BRDA:49,2,5,2
BRDA:49,2,6,1
BRDA:55,3,0,2
BRDA:55,3,1,4
BRDA:55,4,0,6
BRDA:55,4,1,5
BRDA:58,5,0,1
BRDA:58,5,1,3
BRDA:62,6,0,1
BRDA:62,6,1,0
BRF:19
BRH:18
end_of_record
TN:
SF:src\isLength.js
FN:28,isLength
FNF:1
FNH:1
FNDA:13,isLength
DA:2,4
DA:29,13
LF:2
LH:2
BRDA:29,0,0,13
BRDA:29,0,1,7
BRDA:29,0,2,7
BRDA:29,0,3,7
BRF:4
BRH:4
end_of_record
TN:
SF:src\isObjectLike.js
FN:23,isObjectLike
FNF:1
FNH:1
FNDA:1,isObjectLike
DA:24,1
LF:1
LH:1
BRDA:24,0,0,1
BRDA:24,0,1,1
BRF:2
BRH:2
end_of_record
TN:
SF:src\isSymbol.js
FN:18,isSymbol
FNF:1
FNH:1
FNDA:8,isSymbol
DA:19,8
DA:20,8
LF:2
LH:2
BRDA:20,0,0,8
BRDA:20,0,1,8
BRDA:20,0,2,0
BRDA:20,0,3,0
BRF:4
BRH:2
end_of_record
TN:
SF:src\isTypedArray.js
FN:27,(anonymous_0)
FN:28,(anonymous_1)
FNF:2
FNH:1
FNDA:2,(anonymous_0)
FNDA:0,(anonymous_1)
DA:6,4
DA:9,4
DA:26,4
DA:27,2
DA:28,0
LF:5
LH:4
BRDA:9,0,0,4
BRDA:9,0,1,4
BRDA:26,1,0,4
BRDA:26,1,1,0
BRDA:28,2,0,0
BRDA:28,2,1,0
BRF:6
BRH:3
end_of_record
TN:
SF:src\keys.js
FN:31,keys
FNF:1
FNH:0
FNDA:0,keys
DA:32,0
LF:1
LH:0
BRDA:32,0,0,0
BRDA:32,0,1,0
BRF:2
BRH:0
end_of_record
TN:
SF:src\map.js
FN:19,map
FNF:1
FNH:1
FNDA:1,map
DA:20,1
DA:21,1
DA:22,1
DA:24,1
DA:25,3
DA:27,1
LF:6
LH:6
BRDA:21,0,0,0
BRDA:21,0,1,1
BRF:2
BRH:1
end_of_record
TN:
SF:src\memoize.js
FN:43,memoize
FN:47,(anonymous_1)
FNF:2
FNH:2
FNDA:2,memoize
FNDA:5,(anonymous_1)
DA:44,2
DA:45,0
DA:47,2
DA:48,5
DA:49,5
DA:51,5
DA:52,0
DA:54,5
DA:55,5
DA:56,5
DA:58,2
DA:59,2
DA:62,2
LF:13
LH:11
BRDA:44,0,0,0
BRDA:44,0,1,2
BRDA:44,1,0,2
BRDA:44,1,1,2
BRDA:44,1,2,2
BRDA:48,2,0,5
BRDA:48,2,1,0
BRDA:51,3,0,0
BRDA:51,3,1,5
BRDA:55,4,0,5
BRDA:55,4,1,0
BRDA:58,5,0,2
BRDA:58,5,1,0
BRF:13
BRH:8
end_of_record
TN:
SF:src\reduce.js
FN:38,reduce
FNF:1
FNH:1
FNDA:3,reduce
DA:39,3
DA:40,3
DA:41,3
LF:3
LH:3
BRDA:39,0,0,3
BRDA:39,0,1,0
BRF:2
BRH:1
end_of_record
TN:
SF:src\slice.js
FN:21,slice
FNF:1
FNH:1
FNDA:7,slice
DA:22,7
DA:23,7
DA:24,1
DA:26,6
DA:27,6
DA:29,6
DA:30,2
DA:32,6
DA:33,3
DA:35,6
DA:36,6
DA:38,6
DA:39,6
DA:40,6
DA:41,11
DA:43,6
LF:16
LH:16
BRDA:22,0,0,0
BRDA:22,0,1,7
BRDA:23,1,0,1
BRDA:23,1,1,6
BRDA:26,2,0,0
BRDA:26,2,1,6
BRDA:27,3,0,1
BRDA:27,3,1,5
BRDA:29,4,0,2
BRDA:29,4,1,4
BRDA:30,5,0,0
BRDA:30,5,1,2
BRDA:32,6,0,3
BRDA:32,6,1,3
BRDA:35,7,0,2
BRDA:35,7,1,4
BRF:16
BRH:13
end_of_record
TN:
SF:src\upperFirst.js
FNF:0
FNH:0
DA:19,2
LF:1
LH:1
BRF:0
BRH:0
end_of_record
TN:
SF:src\.internal\arrayLikeKeys.js
FN:17,arrayLikeKeys
FNF:1
FNH:0
FNDA:0,arrayLikeKeys
DA:7,2
DA:18,0
DA:19,0
DA:20,0
DA:21,0
DA:22,0
DA:23,0
DA:24,0
DA:25,0
DA:26,0
DA:27,0
DA:29,0
DA:30,0
DA:37,0
DA:40,0
LF:15
LH:1
BRDA:19,0,0,0
BRDA:19,0,1,0
BRDA:20,1,0,0
BRDA:20,1,1,0
BRDA:20,1,2,0
BRDA:21,2,0,0
BRDA:21,2,1,0
BRDA:21,2,2,0
BRDA:21,2,3,0
BRDA:22,3,0,0
BRDA:22,3,1,0
BRDA:22,3,2,0
BRDA:22,3,3,0
BRDA:24,4,0,0
BRDA:24,4,1,0
BRDA:25,5,0,0
BRDA:25,5,1,0
BRDA:30,6,0,0
BRDA:30,6,1,0
BRDA:30,7,0,0
BRDA:30,7,1,0
BRDA:30,7,2,0
BRDA:31,8,0,0
BRDA:31,8,1,0
BRDA:31,8,2,0
BRF:25
BRH:0
end_of_record
TN:
SF:src\.internal\arrayReduce.js
FN:12,arrayReduce
FNF:1
FNH:1
FNDA:3,arrayReduce
DA:13,3
DA:14,3
DA:16,3
DA:17,0
DA:19,3
DA:20,9
DA:22,3
LF:7
LH:6
BRDA:14,0,0,0
BRDA:14,0,1,3
BRDA:16,1,0,0
BRDA:16,1,1,3
BRDA:16,2,0,3
BRDA:16,2,1,0
BRF:6
BRH:3
end_of_record
TN:
SF:src\.internal\asciiToArray.js
FN:8,asciiToArray
FNF:1
FNH:0
FNDA:0,asciiToArray
DA:9,0
LF:1
LH:0
BRF:0
BRH:0
end_of_record
TN:
SF:src\.internal\baseAt.js
FN:11,baseAt
FNF:1
FNH:1
FNDA:6,baseAt
DA:12,6
DA:13,6
DA:14,6
DA:15,6
DA:17,6
DA:18,8
DA:20,6
LF:7
LH:7
BRDA:18,0,0,0
BRDA:18,0,1,8
BRF:2
BRH:1
end_of_record
TN:
SF:src\.internal\baseEach.js
FN:12,baseEach
FNF:1
FNH:0
FNDA:0,baseEach
DA:13,0
DA:14,0
DA:16,0
DA:17,0
DA:19,0
DA:20,0
DA:21,0
DA:23,0
DA:24,0
DA:25,0
DA:28,0
LF:11
LH:0
BRDA:13,0,0,0
BRDA:13,0,1,0
BRDA:16,1,0,0
BRDA:16,1,1,0
BRDA:24,2,0,0
BRDA:24,2,1,0
BRF:6
BRH:0
end_of_record
TN:
SF:src\.internal\baseFlatten.js
FN:14,baseFlatten
FNF:1
FNH:1
FNDA:6,baseFlatten
DA:15,6
DA:16,6
DA:18,6
DA:19,0
DA:22,6
DA:23,6
DA:24,6
DA:26,0
DA:28,6
DA:30,0
DA:31,0
DA:34,6
LF:12
LH:8
BRDA:15,0,0,6
BRDA:15,0,1,6
BRDA:16,1,0,6
BRDA:16,1,1,6
BRDA:18,2,0,0
BRDA:18,2,1,6
BRDA:23,3,0,6
BRDA:23,3,1,0
BRDA:23,4,0,6
BRDA:23,4,1,6
BRDA:24,5,0,0
BRDA:24,5,1,6
BRDA:30,6,0,0
BRDA:30,6,1,0
BRF:14
BRH:9
end_of_record
TN:
SF:src\.internal\baseFor.js
FN:12,baseFor
FNF:1
FNH:0
FNDA:0,baseFor
DA:13,0
DA:14,0
DA:15,0
DA:16,0
DA:18,0
DA:19,0
DA:20,0
DA:21,0
DA:24,0
LF:9
LH:0
BRDA:20,0,0,0
BRDA:20,0,1,0
BRF:2
BRH:0
end_of_record
TN:
SF:src\.internal\baseForOwn.js
FN:12,baseForOwn
FNF:1
FNH:0
FNDA:0,baseForOwn
DA:13,0
LF:1
LH:0
BRDA:13,0,0,0
BRDA:13,0,1,0
BRF:2
BRH:0
end_of_record
TN:
SF:src\.internal\baseGet.js
FN:12,baseGet
FNF:1
FNH:1
FNDA:8,baseGet
DA:13,8
DA:15,8
DA:16,8
DA:18,8
DA:19,18
DA:21,8
LF:6
LH:6
BRDA:18,0,0,26
BRDA:18,0,1,23
BRDA:21,1,0,7
BRDA:21,1,1,1
BRDA:21,2,0,8
BRDA:21,2,1,8
BRF:6
BRH:6
end_of_record
TN:
SF:src\.internal\baseReduce.js
FN:14,baseReduce
FN:15,(anonymous_1)
FNF:2
FNH:0
FNDA:0,baseReduce
FNDA:0,(anonymous_1)
DA:15,0
DA:16,0
DA:20,0
LF:3
LH:0
BRDA:16,0,0,0
BRDA:16,0,1,0
BRF:2
BRH:0
end_of_record
TN:
SF:src\.internal\baseToNumber.js
FN:14,baseToNumber
FNF:1
FNH:1
FNDA:28,baseToNumber
DA:4,4
DA:15,28
DA:16,28
DA:18,0
DA:19,0
DA:21,0
LF:6
LH:3
BRDA:15,0,0,28
BRDA:15,0,1,0
BRDA:18,1,0,0
BRDA:18,1,1,0
BRF:4
BRH:1
end_of_record
TN:
SF:src\.internal\baseToString.js
FN:17,baseToString
FNF:1
FNH:0
FNDA:0,baseToString
DA:4,4
DA:7,4
DA:19,0
DA:20,0
DA:22,0
DA:24,0
DA:26,0
DA:27,0
DA:29,0
DA:30,0
LF:10
LH:2
BRDA:19,0,0,0
BRDA:19,0,1,0
BRDA:22,1,0,0
BRDA:22,1,1,0
BRDA:26,2,0,0
BRDA:26,2,1,0
BRDA:27,3,0,0
BRDA:27,3,1,0
BRDA:30,4,0,0
BRDA:30,4,1,0
BRDA:30,5,0,0
BRDA:30,5,1,0
BRF:12
BRH:0
end_of_record
TN:
SF:src\.internal\castPath.js
FN:12,castPath
FNF:1
FNH:1
FNDA:8,castPath
DA:13,8
DA:14,0
DA:16,8
LF:3
LH:2
BRDA:13,0,0,0
BRDA:13,0,1,8
BRDA:16,1,0,3
BRDA:16,1,1,5
BRF:4
BRH:3
end_of_record
TN:
SF:src\.internal\castSlice.js
FN:12,castSlice
FNF:1
FNH:0
FNDA:0,castSlice
DA:13,0
DA:14,0
DA:15,0
LF:3
LH:0
BRDA:14,0,0,0
BRDA:14,0,1,0
BRDA:15,1,0,0
BRDA:15,1,1,0
BRDA:15,2,0,0
BRDA:15,2,1,0
BRF:6
BRH:0
end_of_record
TN:
SF:src\.internal\createCaseFirst.js
FN:12,createCaseFirst
FN:13,(anonymous_1)
FNF:2
FNH:2
FNDA:2,createCaseFirst
FNDA:4,(anonymous_1)
DA:13,2
DA:14,4
DA:15,1
DA:18,3
DA:22,3
DA:26,3
DA:30,3
LF:7
LH:7
BRDA:14,0,0,1
BRDA:14,0,1,3
BRDA:18,1,0,0
BRDA:18,1,1,3
BRDA:22,2,0,0
BRDA:22,2,1,3
BRDA:26,3,0,0
BRDA:26,3,1,3
BRF:8
BRH:5
end_of_record
TN:
SF:src\.internal\createMathOperation.js
FN:12,createMathOperation
FN:13,(anonymous_1)
FNF:2
FNH:2
FNDA:5,createMathOperation
FNDA:14,(anonymous_1)
DA:13,5
DA:14,14
DA:15,0
DA:17,14
DA:18,0
DA:20,14
DA:21,0
DA:23,14
DA:24,0
DA:25,0
DA:28,14
DA:29,14
DA:31,14
LF:13
LH:8
BRDA:14,0,0,0
BRDA:14,0,1,14
BRDA:14,1,0,14
BRDA:14,1,1,0
BRDA:17,2,0,0
BRDA:17,2,1,14
BRDA:17,3,0,14
BRDA:17,3,1,14
BRDA:20,4,0,0
BRDA:20,4,1,14
BRDA:20,5,0,14
BRDA:20,5,1,14
BRDA:23,6,0,0
BRDA:23,6,1,14
BRDA:23,7,0,14
BRDA:23,7,1,14
BRF:16
BRH:11
end_of_record
TN:
SF:src\.internal\createRound.js
FN:8,createRound
FN:10,(anonymous_1)
FNF:2
FNH:2
FNDA:2,createRound
FNDA:6,(anonymous_1)
DA:9,2
DA:10,2
DA:11,6
DA:12,6
DA:15,5
DA:16,5
DA:18,5
DA:19,5
DA:21,1
LF:9
LH:9
BRDA:11,0,0,1
BRDA:11,0,1,5
BRDA:11,1,0,4
BRDA:11,1,1,1
BRDA:12,2,0,5
BRDA:12,2,1,1
BRF:6
BRH:6
end_of_record
TN:
SF:src\.internal\freeGlobal.js
FNF:0
FNH:0
DA:2,4
LF:1
LH:1
BRDA:2,0,0,4
BRDA:2,0,1,4
BRDA:2,0,2,4
BRDA:2,0,3,4
BRF:4
BRH:4
end_of_record
TN:
SF:src\.internal\getTag.js
FN:10,getTag
FNF:1
FNH:1
FNDA:7,getTag
DA:1,9
DA:11,7
DA:12,0
DA:14,7
LF:4
LH:3
BRDA:11,0,0,0
BRDA:11,0,1,7
BRDA:12,1,0,0
BRDA:12,1,1,0
BRF:4
BRH:1
end_of_record
TN:
SF:src\.internal\hasUnicode.js
FN:24,hasUnicode
FNF:1
FNH:1
FNDA:3,hasUnicode
DA:2,2
DA:3,2
DA:4,2
DA:5,2
DA:6,2
DA:7,2
DA:8,2
DA:9,2
DA:12,2
DA:15,2
DA:25,3
LF:11
LH:11
BRF:0
BRH:0
end_of_record
TN:
SF:src\.internal\isFlattenable.js
FN:13,isFlattenable
FNF:1
FNH:1
FNDA:6,isFlattenable
DA:4,2
DA:14,6
LF:2
LH:2
BRDA:14,0,0,6
BRDA:14,0,1,0
BRDA:14,0,2,0
BRDA:15,1,0,0
BRDA:15,1,1,0
BRF:5
BRH:1
end_of_record
TN:
SF:src\.internal\isIndex.js
FN:15,isIndex
FNF:1
FNH:0
FNDA:0,isIndex
DA:2,2
DA:5,2
DA:16,0
DA:17,0
DA:19,0
LF:5
LH:2
BRDA:17,0,0,0
BRDA:17,0,1,0
BRDA:19,1,0,0
BRDA:19,1,1,0
BRDA:19,1,2,0
BRDA:19,1,3,0
BRDA:19,1,4,0
BRDA:19,1,5,0
BRDA:19,1,6,0
BRF:9
BRH:0
end_of_record
TN:
SF:src\.internal\isKey.js
FN:15,isKey
FNF:1
FNH:1
FNDA:8,isKey
DA:4,2
DA:5,2
DA:16,8
DA:17,0
DA:19,8
DA:20,8
DA:21,1
DA:23,7
LF:8
LH:7
BRDA:16,0,0,0
BRDA:16,0,1,8
BRDA:20,1,0,1
BRDA:20,1,1,7
BRDA:20,2,0,8
BRDA:20,2,1,7
BRDA:20,2,2,7
BRDA:20,2,3,7
BRDA:23,3,0,7
BRDA:23,3,1,5
BRDA:23,3,2,5
BRDA:23,3,3,5
BRF:12
BRH:11
end_of_record
TN:
SF:src\.internal\isPrototype.js
FN:11,isPrototype
FNF:1
FNH:1
FNDA:4,isPrototype
DA:2,3
DA:12,4
DA:13,4
DA:15,4
LF:4
LH:4
BRDA:12,0,0,4
BRDA:12,0,1,4
BRDA:13,1,0,4
BRDA:13,1,1,4
BRDA:13,1,2,0
BRF:5
BRH:4
end_of_record
TN:
SF:src\.internal\memoizeCapped.js
FN:14,memoizeCapped
FN:15,(anonymous_1)
FNF:2
FNH:2
FNDA:2,memoizeCapped
FNDA:5,(anonymous_1)
DA:4,2
DA:15,2
DA:16,5
DA:17,5
DA:18,0
DA:20,5
DA:23,2
LF:7
LH:6
BRDA:17,0,0,0
BRDA:17,0,1,5
BRF:2
BRH:1
end_of_record
TN:
SF:src\.internal\nodeTypes.js
FN:16,(anonymous_0)
FNF:1
FNH:1
FNDA:4,(anonymous_0)
DA:4,4
DA:7,4
DA:10,4
DA:13,4
DA:16,4
DA:17,4
DA:20,4
DA:21,4
LF:8
LH:8
BRDA:4,0,0,4
BRDA:4,0,1,4
BRDA:4,0,2,4
BRDA:4,0,3,4
BRDA:7,1,0,4
BRDA:7,1,1,4
BRDA:7,1,2,4
BRDA:7,1,3,4
BRDA:7,1,4,4
BRDA:10,2,0,4
BRDA:10,2,1,4
BRDA:13,3,0,4
BRDA:13,3,1,4
BRDA:20,4,0,4
BRDA:20,4,1,4
BRDA:20,4,2,4
BRDA:21,5,0,4
BRDA:21,5,1,0
BRDA:24,6,0,0
BRDA:24,6,1,0
BRDA:24,6,2,0
BRF:21
BRH:17
end_of_record
TN:
SF:src\.internal\root.js
FNF:0
FNH:0
DA:5,4
DA:8,4
DA:11,4
LF:3
LH:3
BRDA:5,0,0,4
BRDA:5,0,1,4
BRDA:5,0,2,4
BRDA:5,0,3,4
BRDA:8,1,0,4
BRDA:8,1,1,0
BRDA:8,1,2,0
BRDA:8,1,3,0
BRDA:11,2,0,4
BRDA:11,2,1,0
BRDA:11,2,2,0
BRDA:11,2,3,0
BRF:12
BRH:6
end_of_record
TN:
SF:src\.internal\stringToArray.js
FN:12,stringToArray
FNF:1
FNH:0
FNDA:0,stringToArray
DA:13,0
LF:1
LH:0
BRDA:13,0,0,0
BRDA:13,0,1,0
BRF:2
BRH:0
end_of_record
TN:
SF:src\.internal\stringToPath.js
FN:26,(anonymous_0)
FN:31,(anonymous_1)
FNF:2
FNH:2
FNDA:5,(anonymous_0)
FNDA:16,(anonymous_1)
DA:3,2
DA:4,2
DA:5,2
DA:26,2
DA:27,5
DA:28,5
DA:29,0
DA:31,5
DA:32,16
DA:33,16
DA:34,0
DA:36,16
DA:37,5
DA:39,16
DA:41,5
LF:15
LH:13
BRDA:28,0,0,0
BRDA:28,0,1,5
BRDA:33,1,0,0
BRDA:33,1,1,16
BRDA:36,2,0,5
BRDA:36,2,1,11
BRF:6
BRH:4
end_of_record
TN:
SF:src\.internal\toKey.js
FN:13,toKey
FNF:1
FNH:1
FNDA:18,toKey
DA:4,2
DA:14,18
DA:15,17
DA:17,1
DA:18,1
LF:5
LH:5
BRDA:14,0,0,17
BRDA:14,0,1,1
BRDA:14,1,0,18
BRDA:14,1,1,1
BRDA:18,2,0,0
BRDA:18,2,1,1
BRDA:18,3,0,1
BRDA:18,3,1,0
BRF:8
BRH:6
end_of_record
TN:
SF:src\.internal\unicodeToArray.js
FN:39,unicodeToArray
FNF:1
FNH:0
FNDA:0,unicodeToArray
DA:2,2
DA:3,2
DA:4,2
DA:5,2
DA:6,2
DA:7,2
DA:8,2
DA:9,2
DA:12,2
DA:13,2
DA:14,2
DA:15,2
DA:16,2
DA:17,2
DA:18,2
DA:19,2
DA:22,2
DA:23,2
DA:24,2
DA:25,2
DA:26,2
DA:27,2
DA:30,2
DA:40,0
LF:24
LH:23
BRDA:40,0,0,0
BRDA:40,0,1,0
BRF:2
BRH:0
end_of_record
